[ 2018-01-23T10:51:54+08:00 ] 127.0.0.1 /
INFO: [ app_init ] --START--
INFO: Run Behavior\BuildLiteBehavior [ RunTime:0.000106s ]
INFO: [ app_init ] --END-- [ RunTime:0.001075s ]
INFO: [ app_begin ] --START--
INFO: Run Behavior\ReadHtmlCacheBehavior [ RunTime:0.002207s ]
INFO: [ app_begin ] --END-- [ RunTime:0.002743s ]
SQL: SHOW COLUMNS FROM `type` [ RunTime:0.0186s ]
SQL: SELECT * FROM `type` WHERE ( pid=0 )  [ RunTime:0.0005s ]
SQL: SELECT * FROM `type` WHERE ( pid!=0 )  [ RunTime:0.0004s ]
INFO: [ view_parse ] --START--
INFO: [ template_filter ] --START--
INFO: Run Behavior\ContentReplaceBehavior [ RunTime:0.000339s ]
INFO: [ template_filter ] --END-- [ RunTime:0.000840s ]
NOTIC: [8] Undefined index: res D:\xampp\htdocs\php\case\6.1Project_bbs\bbs1709\Runtime\Cache\Home\c182afc48dcf006cfa0b33408401cd3e.php 第 21 行.
INFO: Run Behavior\ParseTemplateBehavior [ RunTime:0.062286s ]
INFO: [ view_parse ] --END-- [ RunTime:0.062778s ]
INFO: [ view_filter ] --START--
INFO: Run Behavior\WriteHtmlCacheBehavior [ RunTime:0.001810s ]
INFO: [ view_filter ] --END-- [ RunTime:0.002335s ]
INFO: [ app_end ] --START--
INFO: Run Behavior\ShowPageTraceBehavior [ RunTime:0.001214s ]
INFO: [ app_end ] --END-- [ RunTime:0.001734s ]

[ 2018-01-23T10:53:23+08:00 ] 127.0.0.1 /
INFO: [ app_init ] --START--
INFO: Run Behavior\BuildLiteBehavior [ RunTime:0.000112s ]
INFO: [ app_init ] --END-- [ RunTime:0.001137s ]
INFO: [ app_begin ] --START--
INFO: Run Behavior\ReadHtmlCacheBehavior [ RunTime:0.000967s ]
INFO: [ app_begin ] --END-- [ RunTime:0.001466s ]
SQL: SHOW COLUMNS FROM `type` [ RunTime:0.0160s ]
SQL: SELECT * FROM `type` WHERE ( pid=0 )  [ RunTime:0.0004s ]
SQL: SELECT * FROM `type` WHERE ( pid!=0 )  [ RunTime:0.0004s ]
INFO: [ view_parse ] --START--
INFO: [ template_filter ] --START--
INFO: Run Behavior\ContentReplaceBehavior [ RunTime:0.000352s ]
INFO: [ template_filter ] --END-- [ RunTime:0.000852s ]
NOTIC: [8] Undefined index: res D:\xampp\htdocs\php\case\6.1Project_bbs\bbs1709\Runtime\Cache\Home\c182afc48dcf006cfa0b33408401cd3e.php 第 21 行.
INFO: Run Behavior\ParseTemplateBehavior [ RunTime:0.026902s ]
INFO: [ view_parse ] --END-- [ RunTime:0.027414s ]
INFO: [ view_filter ] --START--
INFO: Run Behavior\WriteHtmlCacheBehavior [ RunTime:0.000847s ]
INFO: [ view_filter ] --END-- [ RunTime:0.001344s ]
INFO: [ app_end ] --START--
INFO: Run Behavior\ShowPageTraceBehavior [ RunTime:0.001306s ]
INFO: [ app_end ] --END-- [ RunTime:0.001835s ]

[ 2018-01-23T10:54:41+08:00 ] 127.0.0.1 /
INFO: [ app_init ] --START--
INFO: Run Behavior\BuildLiteBehavior [ RunTime:0.000112s ]
INFO: [ app_init ] --END-- [ RunTime:0.001096s ]
INFO: [ app_begin ] --START--
INFO: Run Behavior\ReadHtmlCacheBehavior [ RunTime:0.000973s ]
INFO: [ app_begin ] --END-- [ RunTime:0.001479s ]
SQL: SHOW COLUMNS FROM `type` [ RunTime:0.0045s ]
SQL: SELECT * FROM `type` WHERE ( pid=0 )  [ RunTime:0.0004s ]
SQL: SELECT * FROM `type` WHERE ( pid!=0 )  [ RunTime:0.0004s ]
INFO: [ view_parse ] --START--
INFO: [ template_filter ] --START--
INFO: Run Behavior\ContentReplaceBehavior [ RunTime:0.000398s ]
INFO: [ template_filter ] --END-- [ RunTime:0.000937s ]
NOTIC: [8] Undefined index: res D:\xampp\htdocs\php\case\6.1Project_bbs\bbs1709\Runtime\Cache\Home\c182afc48dcf006cfa0b33408401cd3e.php 第 21 行.
INFO: Run Behavior\ParseTemplateBehavior [ RunTime:0.025905s ]
INFO: [ view_parse ] --END-- [ RunTime:0.026407s ]
INFO: [ view_filter ] --START--
INFO: Run Behavior\WriteHtmlCacheBehavior [ RunTime:0.000912s ]
INFO: [ view_filter ] --END-- [ RunTime:0.001424s ]
INFO: [ app_end ] --START--
INFO: Run Behavior\ShowPageTraceBehavior [ RunTime:0.001247s ]
INFO: [ app_end ] --END-- [ RunTime:0.001803s ]

[ 2018-01-23T10:55:27+08:00 ] 127.0.0.1 /
INFO: [ app_init ] --START--
INFO: Run Behavior\BuildLiteBehavior [ RunTime:0.000109s ]
INFO: [ app_init ] --END-- [ RunTime:0.001145s ]
INFO: [ app_begin ] --START--
INFO: Run Behavior\ReadHtmlCacheBehavior [ RunTime:0.001159s ]
INFO: [ app_begin ] --END-- [ RunTime:0.001659s ]
SQL: SHOW COLUMNS FROM `type` [ RunTime:0.0039s ]
SQL: SELECT * FROM `type` WHERE ( pid=0 )  [ RunTime:0.0004s ]
SQL: SELECT * FROM `type` WHERE ( pid!=0 )  [ RunTime:0.0004s ]
INFO: [ view_parse ] --START--
INFO: [ template_filter ] --START--
INFO: Run Behavior\ContentReplaceBehavior [ RunTime:0.000357s ]
INFO: [ template_filter ] --END-- [ RunTime:0.000885s ]
NOTIC: [8] Undefined index: res D:\xampp\htdocs\php\case\6.1Project_bbs\bbs1709\Runtime\Cache\Home\c182afc48dcf006cfa0b33408401cd3e.php 第 21 行.
INFO: Run Behavior\ParseTemplateBehavior [ RunTime:0.025281s ]
INFO: [ view_parse ] --END-- [ RunTime:0.025781s ]
INFO: [ view_filter ] --START--
INFO: Run Behavior\WriteHtmlCacheBehavior [ RunTime:0.000820s ]
INFO: [ view_filter ] --END-- [ RunTime:0.001298s ]
INFO: [ app_end ] --START--
INFO: Run Behavior\ShowPageTraceBehavior [ RunTime:0.001170s ]
INFO: [ app_end ] --END-- [ RunTime:0.001783s ]

[ 2018-01-23T10:55:28+08:00 ] 127.0.0.1 /
INFO: [ app_init ] --START--
INFO: Run Behavior\BuildLiteBehavior [ RunTime:0.000104s ]
INFO: [ app_init ] --END-- [ RunTime:0.001037s ]
INFO: [ app_begin ] --START--
INFO: Run Behavior\ReadHtmlCacheBehavior [ RunTime:0.001128s ]
INFO: [ app_begin ] --END-- [ RunTime:0.001658s ]
SQL: SHOW COLUMNS FROM `type` [ RunTime:0.0043s ]
SQL: SELECT * FROM `type` WHERE ( pid=0 )  [ RunTime:0.0006s ]
SQL: SELECT * FROM `type` WHERE ( pid!=0 )  [ RunTime:0.0006s ]
INFO: [ view_parse ] --START--
INFO: [ template_filter ] --START--
INFO: Run Behavior\ContentReplaceBehavior [ RunTime:0.000346s ]
INFO: [ template_filter ] --END-- [ RunTime:0.000867s ]
NOTIC: [8] Undefined index: res D:\xampp\htdocs\php\case\6.1Project_bbs\bbs1709\Runtime\Cache\Home\c182afc48dcf006cfa0b33408401cd3e.php 第 21 行.
INFO: Run Behavior\ParseTemplateBehavior [ RunTime:0.028115s ]
INFO: [ view_parse ] --END-- [ RunTime:0.028725s ]
INFO: [ view_filter ] --START--
INFO: Run Behavior\WriteHtmlCacheBehavior [ RunTime:0.000956s ]
INFO: [ view_filter ] --END-- [ RunTime:0.001491s ]
INFO: [ app_end ] --START--
INFO: Run Behavior\ShowPageTraceBehavior [ RunTime:0.001604s ]
INFO: [ app_end ] --END-- [ RunTime:0.002723s ]

[ 2018-01-23T10:55:29+08:00 ] 127.0.0.1 /
INFO: [ app_init ] --START--
INFO: Run Behavior\BuildLiteBehavior [ RunTime:0.000110s ]
INFO: [ app_init ] --END-- [ RunTime:0.001066s ]
INFO: [ app_begin ] --START--
INFO: Run Behavior\ReadHtmlCacheBehavior [ RunTime:0.001061s ]
INFO: [ app_begin ] --END-- [ RunTime:0.001582s ]
SQL: SHOW COLUMNS FROM `type` [ RunTime:0.0050s ]
SQL: SELECT * FROM `type` WHERE ( pid=0 )  [ RunTime:0.0004s ]
SQL: SELECT * FROM `type` WHERE ( pid!=0 )  [ RunTime:0.0003s ]
INFO: [ view_parse ] --START--
INFO: [ template_filter ] --START--
INFO: Run Behavior\ContentReplaceBehavior [ RunTime:0.000323s ]
INFO: [ template_filter ] --END-- [ RunTime:0.000827s ]
NOTIC: [8] Undefined index: res D:\xampp\htdocs\php\case\6.1Project_bbs\bbs1709\Runtime\Cache\Home\c182afc48dcf006cfa0b33408401cd3e.php 第 21 行.
INFO: Run Behavior\ParseTemplateBehavior [ RunTime:0.025444s ]
INFO: [ view_parse ] --END-- [ RunTime:0.026067s ]
INFO: [ view_filter ] --START--
INFO: Run Behavior\WriteHtmlCacheBehavior [ RunTime:0.000928s ]
INFO: [ view_filter ] --END-- [ RunTime:0.001426s ]
INFO: [ app_end ] --START--
INFO: Run Behavior\ShowPageTraceBehavior [ RunTime:0.001220s ]
INFO: [ app_end ] --END-- [ RunTime:0.001790s ]

[ 2018-01-23T10:55:29+08:00 ] 127.0.0.1 /
INFO: [ app_init ] --START--
INFO: Run Behavior\BuildLiteBehavior [ RunTime:0.000112s ]
INFO: [ app_init ] --END-- [ RunTime:0.001106s ]
INFO: [ app_begin ] --START--
INFO: Run Behavior\ReadHtmlCacheBehavior [ RunTime:0.000949s ]
INFO: [ app_begin ] --END-- [ RunTime:0.001460s ]
SQL: SHOW COLUMNS FROM `type` [ RunTime:0.0038s ]
SQL: SELECT * FROM `type` WHERE ( pid=0 )  [ RunTime:0.0004s ]
SQL: SELECT * FROM `type` WHERE ( pid!=0 )  [ RunTime:0.0003s ]
INFO: [ view_parse ] --START--
INFO: [ template_filter ] --START--
INFO: Run Behavior\ContentReplaceBehavior [ RunTime:0.000348s ]
INFO: [ template_filter ] --END-- [ RunTime:0.000867s ]
NOTIC: [8] Undefined index: res D:\xampp\htdocs\php\case\6.1Project_bbs\bbs1709\Runtime\Cache\Home\c182afc48dcf006cfa0b33408401cd3e.php 第 21 行.
INFO: Run Behavior\ParseTemplateBehavior [ RunTime:0.027711s ]
INFO: [ view_parse ] --END-- [ RunTime:0.028214s ]
INFO: [ view_filter ] --START--
INFO: Run Behavior\WriteHtmlCacheBehavior [ RunTime:0.000860s ]
INFO: [ view_filter ] --END-- [ RunTime:0.001355s ]
INFO: [ app_end ] --START--
INFO: Run Behavior\ShowPageTraceBehavior [ RunTime:0.001144s ]
INFO: [ app_end ] --END-- [ RunTime:0.001797s ]

[ 2018-01-23T10:55:29+08:00 ] 127.0.0.1 /
INFO: [ app_init ] --START--
INFO: Run Behavior\BuildLiteBehavior [ RunTime:0.000111s ]
INFO: [ app_init ] --END-- [ RunTime:0.001269s ]
INFO: [ app_begin ] --START--
INFO: Run Behavior\ReadHtmlCacheBehavior [ RunTime:0.000832s ]
INFO: [ app_begin ] --END-- [ RunTime:0.001474s ]
SQL: SHOW COLUMNS FROM `type` [ RunTime:0.0040s ]
SQL: SELECT * FROM `type` WHERE ( pid=0 )  [ RunTime:0.0004s ]
SQL: SELECT * FROM `type` WHERE ( pid!=0 )  [ RunTime:0.0004s ]
INFO: [ view_parse ] --START--
INFO: [ template_filter ] --START--
INFO: Run Behavior\ContentReplaceBehavior [ RunTime:0.000342s ]
INFO: [ template_filter ] --END-- [ RunTime:0.000866s ]
NOTIC: [8] Undefined index: res D:\xampp\htdocs\php\case\6.1Project_bbs\bbs1709\Runtime\Cache\Home\c182afc48dcf006cfa0b33408401cd3e.php 第 21 行.
INFO: Run Behavior\ParseTemplateBehavior [ RunTime:0.025511s ]
INFO: [ view_parse ] --END-- [ RunTime:0.026034s ]
INFO: [ view_filter ] --START--
INFO: Run Behavior\WriteHtmlCacheBehavior [ RunTime:0.001288s ]
INFO: [ view_filter ] --END-- [ RunTime:0.001871s ]
INFO: [ app_end ] --START--
INFO: Run Behavior\ShowPageTraceBehavior [ RunTime:0.001221s ]
INFO: [ app_end ] --END-- [ RunTime:0.001740s ]

[ 2018-01-23T11:56:50+08:00 ] 127.0.0.1 /
INFO: [ app_init ] --START--
INFO: Run Behavior\BuildLiteBehavior [ RunTime:0.000113s ]
INFO: [ app_init ] --END-- [ RunTime:0.001988s ]
INFO: [ app_begin ] --START--
INFO: Run Behavior\ReadHtmlCacheBehavior [ RunTime:0.000950s ]
INFO: [ app_begin ] --END-- [ RunTime:0.001531s ]
SQL: SHOW COLUMNS FROM `type` [ RunTime:0.0085s ]
SQL: SELECT * FROM `type` WHERE ( pid=0 )  [ RunTime:0.0004s ]
SQL: SELECT * FROM `type` WHERE ( pid!=0 )  [ RunTime:0.0005s ]
INFO: [ view_parse ] --START--
INFO: [ template_filter ] --START--
INFO: Run Behavior\ContentReplaceBehavior [ RunTime:0.000372s ]
INFO: [ template_filter ] --END-- [ RunTime:0.000889s ]
NOTIC: [8] Undefined index: res D:\xampp\htdocs\php\case\6.1Project_bbs\bbs1709\Runtime\Cache\Home\c182afc48dcf006cfa0b33408401cd3e.php 第 21 行.
INFO: Run Behavior\ParseTemplateBehavior [ RunTime:0.030130s ]
INFO: [ view_parse ] --END-- [ RunTime:0.030708s ]
INFO: [ view_filter ] --START--
INFO: Run Behavior\WriteHtmlCacheBehavior [ RunTime:0.001631s ]
INFO: [ view_filter ] --END-- [ RunTime:0.002152s ]
INFO: [ app_end ] --START--
INFO: Run Behavior\ShowPageTraceBehavior [ RunTime:0.001243s ]
INFO: [ app_end ] --END-- [ RunTime:0.001871s ]

[ 2018-01-23T11:57:59+08:00 ] ::1 /
INFO: [ app_init ] --START--
INFO: Run Behavior\BuildLiteBehavior [ RunTime:0.000105s ]
INFO: [ app_init ] --END-- [ RunTime:0.001277s ]
INFO: [ app_begin ] --START--
INFO: Run Behavior\ReadHtmlCacheBehavior [ RunTime:0.001044s ]
INFO: [ app_begin ] --END-- [ RunTime:0.001577s ]
SQL: SHOW COLUMNS FROM `type` [ RunTime:0.0161s ]
SQL: SELECT * FROM `type` WHERE ( pid=0 )  [ RunTime:0.0004s ]
SQL: SELECT * FROM `type` WHERE ( pid!=0 )  [ RunTime:0.0004s ]
INFO: [ view_parse ] --START--
INFO: [ template_filter ] --START--
INFO: Run Behavior\ContentReplaceBehavior [ RunTime:0.000297s ]
INFO: [ template_filter ] --END-- [ RunTime:0.000785s ]
NOTIC: [8] Undefined index: res D:\xampp\htdocs\php\case\6.1Project_bbs\bbs1709\Runtime\Cache\Home\c182afc48dcf006cfa0b33408401cd3e.php 第 21 行.
INFO: Run Behavior\ParseTemplateBehavior [ RunTime:0.027061s ]
INFO: [ view_parse ] --END-- [ RunTime:0.027604s ]
INFO: [ view_filter ] --START--
INFO: Run Behavior\WriteHtmlCacheBehavior [ RunTime:0.000846s ]
INFO: [ view_filter ] --END-- [ RunTime:0.001321s ]
INFO: [ app_end ] --START--
INFO: Run Behavior\ShowPageTraceBehavior [ RunTime:0.001678s ]
INFO: [ app_end ] --END-- [ RunTime:0.002286s ]

[ 2018-01-23T11:58:19+08:00 ] ::1 /
INFO: [ app_init ] --START--
INFO: Run Behavior\BuildLiteBehavior [ RunTime:0.000106s ]
INFO: [ app_init ] --END-- [ RunTime:0.001167s ]
INFO: [ app_begin ] --START--
INFO: Run Behavior\ReadHtmlCacheBehavior [ RunTime:0.000992s ]
INFO: [ app_begin ] --END-- [ RunTime:0.001503s ]
SQL: SHOW COLUMNS FROM `type` [ RunTime:0.0050s ]
SQL: SELECT * FROM `type` WHERE ( pid=0 )  [ RunTime:0.0004s ]
SQL: SELECT * FROM `type` WHERE ( pid!=0 )  [ RunTime:0.0006s ]
INFO: [ view_parse ] --START--
INFO: [ template_filter ] --START--
INFO: Run Behavior\ContentReplaceBehavior [ RunTime:0.000286s ]
INFO: [ template_filter ] --END-- [ RunTime:0.000797s ]
NOTIC: [8] Undefined index: res D:\xampp\htdocs\php\case\6.1Project_bbs\bbs1709\Runtime\Cache\Home\c182afc48dcf006cfa0b33408401cd3e.php 第 21 行.
INFO: Run Behavior\ParseTemplateBehavior [ RunTime:0.026372s ]
INFO: [ view_parse ] --END-- [ RunTime:0.026953s ]
INFO: [ view_filter ] --START--
INFO: Run Behavior\WriteHtmlCacheBehavior [ RunTime:0.000815s ]
INFO: [ view_filter ] --END-- [ RunTime:0.001311s ]
INFO: [ app_end ] --START--
INFO: Run Behavior\ShowPageTraceBehavior [ RunTime:0.001100s ]
INFO: [ app_end ] --END-- [ RunTime:0.001682s ]

[ 2018-01-23T11:58:29+08:00 ] ::1 /
INFO: [ app_init ] --START--
INFO: Run Behavior\BuildLiteBehavior [ RunTime:0.000115s ]
INFO: [ app_init ] --END-- [ RunTime:0.001176s ]
INFO: [ app_begin ] --START--
INFO: Run Behavior\ReadHtmlCacheBehavior [ RunTime:0.000941s ]
INFO: [ app_begin ] --END-- [ RunTime:0.001439s ]
SQL: SHOW COLUMNS FROM `type` [ RunTime:0.0046s ]
SQL: SELECT * FROM `type` WHERE ( pid=0 )  [ RunTime:0.0004s ]
SQL: SELECT * FROM `type` WHERE ( pid!=0 )  [ RunTime:0.0003s ]
INFO: [ view_parse ] --START--
INFO: [ template_filter ] --START--
INFO: Run Behavior\ContentReplaceBehavior [ RunTime:0.000290s ]
INFO: [ template_filter ] --END-- [ RunTime:0.000784s ]
NOTIC: [8] Undefined index: res D:\xampp\htdocs\php\case\6.1Project_bbs\bbs1709\Runtime\Cache\Home\c182afc48dcf006cfa0b33408401cd3e.php 第 21 行.
INFO: Run Behavior\ParseTemplateBehavior [ RunTime:0.026918s ]
INFO: [ view_parse ] --END-- [ RunTime:0.027459s ]
INFO: [ view_filter ] --START--
INFO: Run Behavior\WriteHtmlCacheBehavior [ RunTime:0.000785s ]
INFO: [ view_filter ] --END-- [ RunTime:0.001261s ]
INFO: [ app_end ] --START--
INFO: Run Behavior\ShowPageTraceBehavior [ RunTime:0.001113s ]
INFO: [ app_end ] --END-- [ RunTime:0.001694s ]

[ 2018-01-23T11:58:40+08:00 ] ::1 /
INFO: [ app_init ] --START--
INFO: Run Behavior\BuildLiteBehavior [ RunTime:0.000115s ]
INFO: [ app_init ] --END-- [ RunTime:0.001185s ]
INFO: [ app_begin ] --START--
INFO: Run Behavior\ReadHtmlCacheBehavior [ RunTime:0.001054s ]
INFO: [ app_begin ] --END-- [ RunTime:0.001749s ]
SQL: SHOW COLUMNS FROM `type` [ RunTime:0.0185s ]
SQL: SELECT * FROM `type` WHERE ( pid=0 )  [ RunTime:0.0004s ]
SQL: SELECT * FROM `type` WHERE ( pid!=0 )  [ RunTime:0.0004s ]
INFO: [ view_parse ] --START--
INFO: [ template_filter ] --START--
INFO: Run Behavior\ContentReplaceBehavior [ RunTime:0.000290s ]
INFO: [ template_filter ] --END-- [ RunTime:0.000803s ]
NOTIC: [8] Undefined index: res D:\xampp\htdocs\php\case\6.1Project_bbs\bbs1709\Runtime\Cache\Home\c182afc48dcf006cfa0b33408401cd3e.php 第 21 行.
INFO: Run Behavior\ParseTemplateBehavior [ RunTime:0.027342s ]
INFO: [ view_parse ] --END-- [ RunTime:0.027902s ]
INFO: [ view_filter ] --START--
INFO: Run Behavior\WriteHtmlCacheBehavior [ RunTime:0.000827s ]
INFO: [ view_filter ] --END-- [ RunTime:0.001317s ]
INFO: [ app_end ] --START--
INFO: Run Behavior\ShowPageTraceBehavior [ RunTime:0.001242s ]
INFO: [ app_end ] --END-- [ RunTime:0.001834s ]

[ 2018-01-23T11:59:11+08:00 ] ::1 /
INFO: [ app_init ] --START--
INFO: Run Behavior\BuildLiteBehavior [ RunTime:0.000115s ]
INFO: [ app_init ] --END-- [ RunTime:0.001144s ]
INFO: [ app_begin ] --START--
INFO: Run Behavior\ReadHtmlCacheBehavior [ RunTime:0.001086s ]
INFO: [ app_begin ] --END-- [ RunTime:0.001628s ]
SQL: SHOW COLUMNS FROM `type` [ RunTime:0.0061s ]
SQL: SELECT * FROM `type` WHERE ( pid=0 )  [ RunTime:0.0023s ]
SQL: SELECT * FROM `type` WHERE ( pid!=0 )  [ RunTime:0.0059s ]
INFO: [ view_parse ] --START--
INFO: [ template_filter ] --START--
INFO: Run Behavior\ContentReplaceBehavior [ RunTime:0.000361s ]
INFO: [ template_filter ] --END-- [ RunTime:0.000909s ]
NOTIC: [8] Undefined index: res D:\xampp\htdocs\php\case\6.1Project_bbs\bbs1709\Runtime\Cache\Home\c182afc48dcf006cfa0b33408401cd3e.php 第 21 行.
INFO: Run Behavior\ParseTemplateBehavior [ RunTime:0.028659s ]
INFO: [ view_parse ] --END-- [ RunTime:0.029355s ]
INFO: [ view_filter ] --START--
INFO: Run Behavior\WriteHtmlCacheBehavior [ RunTime:0.000866s ]
INFO: [ view_filter ] --END-- [ RunTime:0.001373s ]
INFO: [ app_end ] --START--
INFO: Run Behavior\ShowPageTraceBehavior [ RunTime:0.001326s ]
INFO: [ app_end ] --END-- [ RunTime:0.002102s ]

[ 2018-01-23T11:59:11+08:00 ] ::1 /
INFO: [ app_init ] --START--
INFO: Run Behavior\BuildLiteBehavior [ RunTime:0.000116s ]
INFO: [ app_init ] --END-- [ RunTime:0.001086s ]
INFO: [ app_begin ] --START--
INFO: Run Behavior\ReadHtmlCacheBehavior [ RunTime:0.000913s ]
INFO: [ app_begin ] --END-- [ RunTime:0.001443s ]
SQL: SHOW COLUMNS FROM `type` [ RunTime:0.0218s ]
SQL: SELECT * FROM `type` WHERE ( pid=0 )  [ RunTime:0.0005s ]
SQL: SELECT * FROM `type` WHERE ( pid!=0 )  [ RunTime:0.0005s ]
INFO: [ view_parse ] --START--
INFO: [ template_filter ] --START--
INFO: Run Behavior\ContentReplaceBehavior [ RunTime:0.000348s ]
INFO: [ template_filter ] --END-- [ RunTime:0.000875s ]
NOTIC: [8] Undefined index: res D:\xampp\htdocs\php\case\6.1Project_bbs\bbs1709\Runtime\Cache\Home\c182afc48dcf006cfa0b33408401cd3e.php 第 21 行.
INFO: Run Behavior\ParseTemplateBehavior [ RunTime:0.027543s ]
INFO: [ view_parse ] --END-- [ RunTime:0.028121s ]
INFO: [ view_filter ] --START--
INFO: Run Behavior\WriteHtmlCacheBehavior [ RunTime:0.000849s ]
INFO: [ view_filter ] --END-- [ RunTime:0.001373s ]
INFO: [ app_end ] --START--
INFO: Run Behavior\ShowPageTraceBehavior [ RunTime:0.001506s ]
INFO: [ app_end ] --END-- [ RunTime:0.002097s ]

[ 2018-01-23T11:59:12+08:00 ] ::1 /
INFO: [ app_init ] --START--
INFO: Run Behavior\BuildLiteBehavior [ RunTime:0.000113s ]
INFO: [ app_init ] --END-- [ RunTime:0.001151s ]
INFO: [ app_begin ] --START--
INFO: Run Behavior\ReadHtmlCacheBehavior [ RunTime:0.000956s ]
INFO: [ app_begin ] --END-- [ RunTime:0.001491s ]
SQL: SHOW COLUMNS FROM `type` [ RunTime:0.0082s ]
SQL: SELECT * FROM `type` WHERE ( pid=0 )  [ RunTime:0.0005s ]
SQL: SELECT * FROM `type` WHERE ( pid!=0 )  [ RunTime:0.0005s ]
INFO: [ view_parse ] --START--
INFO: [ template_filter ] --START--
INFO: Run Behavior\ContentReplaceBehavior [ RunTime:0.000352s ]
INFO: [ template_filter ] --END-- [ RunTime:0.000879s ]
NOTIC: [8] Undefined index: res D:\xampp\htdocs\php\case\6.1Project_bbs\bbs1709\Runtime\Cache\Home\c182afc48dcf006cfa0b33408401cd3e.php 第 21 行.
INFO: Run Behavior\ParseTemplateBehavior [ RunTime:0.026312s ]
INFO: [ view_parse ] --END-- [ RunTime:0.026885s ]
INFO: [ view_filter ] --START--
INFO: Run Behavior\WriteHtmlCacheBehavior [ RunTime:0.000964s ]
INFO: [ view_filter ] --END-- [ RunTime:0.001487s ]
INFO: [ app_end ] --START--
INFO: Run Behavior\ShowPageTraceBehavior [ RunTime:0.001325s ]
INFO: [ app_end ] --END-- [ RunTime:0.002167s ]

[ 2018-01-23T11:59:12+08:00 ] ::1 /
INFO: [ app_init ] --START--
INFO: Run Behavior\BuildLiteBehavior [ RunTime:0.000164s ]
INFO: [ app_init ] --END-- [ RunTime:0.001363s ]
INFO: [ app_begin ] --START--
INFO: Run Behavior\ReadHtmlCacheBehavior [ RunTime:0.001475s ]
INFO: [ app_begin ] --END-- [ RunTime:0.002086s ]
SQL: SHOW COLUMNS FROM `type` [ RunTime:0.0089s ]
SQL: SELECT * FROM `type` WHERE ( pid=0 )  [ RunTime:0.0029s ]
SQL: SELECT * FROM `type` WHERE ( pid!=0 )  [ RunTime:0.0055s ]
INFO: [ view_parse ] --START--
INFO: [ template_filter ] --START--
INFO: Run Behavior\ContentReplaceBehavior [ RunTime:0.000369s ]
INFO: [ template_filter ] --END-- [ RunTime:0.000913s ]
NOTIC: [8] Undefined index: res D:\xampp\htdocs\php\case\6.1Project_bbs\bbs1709\Runtime\Cache\Home\c182afc48dcf006cfa0b33408401cd3e.php 第 21 行.
INFO: Run Behavior\ParseTemplateBehavior [ RunTime:0.027840s ]
INFO: [ view_parse ] --END-- [ RunTime:0.028414s ]
INFO: [ view_filter ] --START--
INFO: Run Behavior\WriteHtmlCacheBehavior [ RunTime:0.001044s ]
INFO: [ view_filter ] --END-- [ RunTime:0.001561s ]
INFO: [ app_end ] --START--
INFO: Run Behavior\ShowPageTraceBehavior [ RunTime:0.001988s ]
INFO: [ app_end ] --END-- [ RunTime:0.002792s ]

[ 2018-01-23T11:59:12+08:00 ] ::1 /
INFO: [ app_init ] --START--
INFO: Run Behavior\BuildLiteBehavior [ RunTime:0.000114s ]
INFO: [ app_init ] --END-- [ RunTime:0.001296s ]
INFO: [ app_begin ] --START--
INFO: Run Behavior\ReadHtmlCacheBehavior [ RunTime:0.001034s ]
INFO: [ app_begin ] --END-- [ RunTime:0.001575s ]
SQL: SHOW COLUMNS FROM `type` [ RunTime:0.0065s ]
SQL: SELECT * FROM `type` WHERE ( pid=0 )  [ RunTime:0.0005s ]
SQL: SELECT * FROM `type` WHERE ( pid!=0 )  [ RunTime:0.0005s ]
INFO: [ view_parse ] --START--
INFO: [ template_filter ] --START--
INFO: Run Behavior\ContentReplaceBehavior [ RunTime:0.000368s ]
INFO: [ template_filter ] --END-- [ RunTime:0.000895s ]
NOTIC: [8] Undefined index: res D:\xampp\htdocs\php\case\6.1Project_bbs\bbs1709\Runtime\Cache\Home\c182afc48dcf006cfa0b33408401cd3e.php 第 21 行.
INFO: Run Behavior\ParseTemplateBehavior [ RunTime:0.037399s ]
INFO: [ view_parse ] --END-- [ RunTime:0.037986s ]
INFO: [ view_filter ] --START--
INFO: Run Behavior\WriteHtmlCacheBehavior [ RunTime:0.002873s ]
INFO: [ view_filter ] --END-- [ RunTime:0.003418s ]
INFO: [ app_end ] --START--
INFO: Run Behavior\ShowPageTraceBehavior [ RunTime:0.002468s ]
INFO: [ app_end ] --END-- [ RunTime:0.003330s ]

[ 2018-01-23T11:59:12+08:00 ] ::1 /
INFO: [ app_init ] --START--
INFO: Run Behavior\BuildLiteBehavior [ RunTime:0.000122s ]
INFO: [ app_init ] --END-- [ RunTime:0.002157s ]
INFO: [ app_begin ] --START--
INFO: Run Behavior\ReadHtmlCacheBehavior [ RunTime:0.001055s ]
INFO: [ app_begin ] --END-- [ RunTime:0.001595s ]
SQL: SHOW COLUMNS FROM `type` [ RunTime:0.0305s ]
SQL: SELECT * FROM `type` WHERE ( pid=0 )  [ RunTime:0.0028s ]
SQL: SELECT * FROM `type` WHERE ( pid!=0 )  [ RunTime:0.0011s ]
INFO: [ view_parse ] --START--
INFO: [ template_filter ] --START--
INFO: Run Behavior\ContentReplaceBehavior [ RunTime:0.000355s ]
INFO: [ template_filter ] --END-- [ RunTime:0.000887s ]
NOTIC: [8] Undefined index: res D:\xampp\htdocs\php\case\6.1Project_bbs\bbs1709\Runtime\Cache\Home\c182afc48dcf006cfa0b33408401cd3e.php 第 21 行.
INFO: Run Behavior\ParseTemplateBehavior [ RunTime:0.027688s ]
INFO: [ view_parse ] --END-- [ RunTime:0.028277s ]
INFO: [ view_filter ] --START--
INFO: Run Behavior\WriteHtmlCacheBehavior [ RunTime:0.001440s ]
INFO: [ view_filter ] --END-- [ RunTime:0.001973s ]
INFO: [ app_end ] --START--
INFO: Run Behavior\ShowPageTraceBehavior [ RunTime:0.002057s ]
INFO: [ app_end ] --END-- [ RunTime:0.002600s ]

[ 2018-01-23T11:59:13+08:00 ] ::1 /
INFO: [ app_init ] --START--
INFO: Run Behavior\BuildLiteBehavior [ RunTime:0.000115s ]
INFO: [ app_init ] --END-- [ RunTime:0.001122s ]
INFO: [ app_begin ] --START--
INFO: Run Behavior\ReadHtmlCacheBehavior [ RunTime:0.001068s ]
INFO: [ app_begin ] --END-- [ RunTime:0.001707s ]
SQL: SHOW COLUMNS FROM `type` [ RunTime:0.0045s ]
SQL: SELECT * FROM `type` WHERE ( pid=0 )  [ RunTime:0.0005s ]
SQL: SELECT * FROM `type` WHERE ( pid!=0 )  [ RunTime:0.0006s ]
INFO: [ view_parse ] --START--
INFO: [ template_filter ] --START--
INFO: Run Behavior\ContentReplaceBehavior [ RunTime:0.000354s ]
INFO: [ template_filter ] --END-- [ RunTime:0.000871s ]
NOTIC: [8] Undefined index: res D:\xampp\htdocs\php\case\6.1Project_bbs\bbs1709\Runtime\Cache\Home\c182afc48dcf006cfa0b33408401cd3e.php 第 21 行.
INFO: Run Behavior\ParseTemplateBehavior [ RunTime:0.025464s ]
INFO: [ view_parse ] --END-- [ RunTime:0.026025s ]
INFO: [ view_filter ] --START--
INFO: Run Behavior\WriteHtmlCacheBehavior [ RunTime:0.000832s ]
INFO: [ view_filter ] --END-- [ RunTime:0.001333s ]
INFO: [ app_end ] --START--
INFO: Run Behavior\ShowPageTraceBehavior [ RunTime:0.001639s ]
INFO: [ app_end ] --END-- [ RunTime:0.002662s ]

[ 2018-01-23T11:59:13+08:00 ] ::1 /
INFO: [ app_init ] --START--
INFO: Run Behavior\BuildLiteBehavior [ RunTime:0.000112s ]
INFO: [ app_init ] --END-- [ RunTime:0.001092s ]
INFO: [ app_begin ] --START--
INFO: Run Behavior\ReadHtmlCacheBehavior [ RunTime:0.001034s ]
INFO: [ app_begin ] --END-- [ RunTime:0.001594s ]
SQL: SHOW COLUMNS FROM `type` [ RunTime:0.0088s ]
SQL: SELECT * FROM `type` WHERE ( pid=0 )  [ RunTime:0.0005s ]
SQL: SELECT * FROM `type` WHERE ( pid!=0 )  [ RunTime:0.0005s ]
INFO: [ view_parse ] --START--
INFO: [ template_filter ] --START--
INFO: Run Behavior\ContentReplaceBehavior [ RunTime:0.000335s ]
INFO: [ template_filter ] --END-- [ RunTime:0.000939s ]
NOTIC: [8] Undefined index: res D:\xampp\htdocs\php\case\6.1Project_bbs\bbs1709\Runtime\Cache\Home\c182afc48dcf006cfa0b33408401cd3e.php 第 21 行.
INFO: Run Behavior\ParseTemplateBehavior [ RunTime:0.025155s ]
INFO: [ view_parse ] --END-- [ RunTime:0.025735s ]
INFO: [ view_filter ] --START--
INFO: Run Behavior\WriteHtmlCacheBehavior [ RunTime:0.000690s ]
INFO: [ view_filter ] --END-- [ RunTime:0.001214s ]
INFO: [ app_end ] --START--
INFO: Run Behavior\ShowPageTraceBehavior [ RunTime:0.001090s ]
INFO: [ app_end ] --END-- [ RunTime:0.001863s ]

[ 2018-01-23T11:59:13+08:00 ] ::1 /
INFO: [ app_init ] --START--
INFO: Run Behavior\BuildLiteBehavior [ RunTime:0.000117s ]
INFO: [ app_init ] --END-- [ RunTime:0.001175s ]
INFO: [ app_begin ] --START--
INFO: Run Behavior\ReadHtmlCacheBehavior [ RunTime:0.001227s ]
INFO: [ app_begin ] --END-- [ RunTime:0.001773s ]
SQL: SHOW COLUMNS FROM `type` [ RunTime:0.0059s ]
SQL: SELECT * FROM `type` WHERE ( pid=0 )  [ RunTime:0.0005s ]
SQL: SELECT * FROM `type` WHERE ( pid!=0 )  [ RunTime:0.0005s ]
INFO: [ view_parse ] --START--
INFO: [ template_filter ] --START--
INFO: Run Behavior\ContentReplaceBehavior [ RunTime:0.000357s ]
INFO: [ template_filter ] --END-- [ RunTime:0.000882s ]
NOTIC: [8] Undefined index: res D:\xampp\htdocs\php\case\6.1Project_bbs\bbs1709\Runtime\Cache\Home\c182afc48dcf006cfa0b33408401cd3e.php 第 21 行.
INFO: Run Behavior\ParseTemplateBehavior [ RunTime:0.037955s ]
INFO: [ view_parse ] --END-- [ RunTime:0.038634s ]
INFO: [ view_filter ] --START--
INFO: Run Behavior\WriteHtmlCacheBehavior [ RunTime:0.000797s ]
INFO: [ view_filter ] --END-- [ RunTime:0.001307s ]
INFO: [ app_end ] --START--
INFO: Run Behavior\ShowPageTraceBehavior [ RunTime:0.001366s ]
INFO: [ app_end ] --END-- [ RunTime:0.001913s ]

[ 2018-01-23T11:59:13+08:00 ] ::1 /
INFO: [ app_init ] --START--
INFO: Run Behavior\BuildLiteBehavior [ RunTime:0.000120s ]
INFO: [ app_init ] --END-- [ RunTime:0.001351s ]
INFO: [ app_begin ] --START--
INFO: Run Behavior\ReadHtmlCacheBehavior [ RunTime:0.001080s ]
INFO: [ app_begin ] --END-- [ RunTime:0.001625s ]
SQL: SHOW COLUMNS FROM `type` [ RunTime:0.0062s ]
SQL: SELECT * FROM `type` WHERE ( pid=0 )  [ RunTime:0.0005s ]
SQL: SELECT * FROM `type` WHERE ( pid!=0 )  [ RunTime:0.0006s ]
INFO: [ view_parse ] --START--
INFO: [ template_filter ] --START--
INFO: Run Behavior\ContentReplaceBehavior [ RunTime:0.000353s ]
INFO: [ template_filter ] --END-- [ RunTime:0.000925s ]
NOTIC: [8] Undefined index: res D:\xampp\htdocs\php\case\6.1Project_bbs\bbs1709\Runtime\Cache\Home\c182afc48dcf006cfa0b33408401cd3e.php 第 21 行.
INFO: Run Behavior\ParseTemplateBehavior [ RunTime:0.027573s ]
INFO: [ view_parse ] --END-- [ RunTime:0.028228s ]
INFO: [ view_filter ] --START--
INFO: Run Behavior\WriteHtmlCacheBehavior [ RunTime:0.002203s ]
INFO: [ view_filter ] --END-- [ RunTime:0.003148s ]
INFO: [ app_end ] --START--
INFO: Run Behavior\ShowPageTraceBehavior [ RunTime:0.001272s ]
INFO: [ app_end ] --END-- [ RunTime:0.002211s ]

[ 2018-01-23T11:59:29+08:00 ] ::1 /
INFO: [ app_init ] --START--
INFO: Run Behavior\BuildLiteBehavior [ RunTime:0.000115s ]
INFO: [ app_init ] --END-- [ RunTime:0.001150s ]
INFO: [ app_begin ] --START--
INFO: Run Behavior\ReadHtmlCacheBehavior [ RunTime:0.001070s ]
INFO: [ app_begin ] --END-- [ RunTime:0.001673s ]
SQL: SHOW COLUMNS FROM `type` [ RunTime:0.0059s ]
SQL: SELECT * FROM `type` WHERE ( pid=0 )  [ RunTime:0.0006s ]
SQL: SELECT * FROM `type` WHERE ( pid!=0 )  [ RunTime:0.0004s ]
INFO: [ view_parse ] --START--
INFO: [ template_filter ] --START--
INFO: Run Behavior\ContentReplaceBehavior [ RunTime:0.000405s ]
INFO: [ template_filter ] --END-- [ RunTime:0.000987s ]
NOTIC: [8] Undefined index: res D:\xampp\htdocs\php\case\6.1Project_bbs\bbs1709\Runtime\Cache\Home\c182afc48dcf006cfa0b33408401cd3e.php 第 21 行.
INFO: Run Behavior\ParseTemplateBehavior [ RunTime:0.028492s ]
INFO: [ view_parse ] --END-- [ RunTime:0.029187s ]
INFO: [ view_filter ] --START--
INFO: Run Behavior\WriteHtmlCacheBehavior [ RunTime:0.000763s ]
INFO: [ view_filter ] --END-- [ RunTime:0.001270s ]
INFO: [ app_end ] --START--
INFO: Run Behavior\ShowPageTraceBehavior [ RunTime:0.001128s ]
INFO: [ app_end ] --END-- [ RunTime:0.001733s ]

[ 2018-01-23T11:59:34+08:00 ] ::1 /
INFO: [ app_init ] --START--
INFO: Run Behavior\BuildLiteBehavior [ RunTime:0.000105s ]
INFO: [ app_init ] --END-- [ RunTime:0.001191s ]
INFO: [ app_begin ] --START--
INFO: Run Behavior\ReadHtmlCacheBehavior [ RunTime:0.001042s ]
INFO: [ app_begin ] --END-- [ RunTime:0.001610s ]
SQL: SHOW COLUMNS FROM `type` [ RunTime:0.0048s ]
SQL: SELECT * FROM `type` WHERE ( pid=0 )  [ RunTime:0.0004s ]
SQL: SELECT * FROM `type` WHERE ( pid!=0 )  [ RunTime:0.0004s ]
INFO: [ view_parse ] --START--
INFO: [ template_filter ] --START--
INFO: Run Behavior\ContentReplaceBehavior [ RunTime:0.000347s ]
INFO: [ template_filter ] --END-- [ RunTime:0.000831s ]
NOTIC: [8] Undefined index: res D:\xampp\htdocs\php\case\6.1Project_bbs\bbs1709\Runtime\Cache\Home\c182afc48dcf006cfa0b33408401cd3e.php 第 21 行.
INFO: Run Behavior\ParseTemplateBehavior [ RunTime:0.024279s ]
INFO: [ view_parse ] --END-- [ RunTime:0.024782s ]
INFO: [ view_filter ] --START--
INFO: Run Behavior\WriteHtmlCacheBehavior [ RunTime:0.000706s ]
INFO: [ view_filter ] --END-- [ RunTime:0.001197s ]
INFO: [ app_end ] --START--
INFO: Run Behavior\ShowPageTraceBehavior [ RunTime:0.001097s ]
INFO: [ app_end ] --END-- [ RunTime:0.001686s ]

[ 2018-01-23T12:00:18+08:00 ] 127.0.0.1 /
INFO: [ app_init ] --START--
INFO: Run Behavior\BuildLiteBehavior [ RunTime:0.000138s ]
INFO: [ app_init ] --END-- [ RunTime:0.001404s ]
INFO: [ app_begin ] --START--
INFO: Run Behavior\ReadHtmlCacheBehavior [ RunTime:0.001051s ]
INFO: [ app_begin ] --END-- [ RunTime:0.001559s ]
SQL: SHOW COLUMNS FROM `type` [ RunTime:0.0092s ]
SQL: SELECT * FROM `type` WHERE ( pid=0 )  [ RunTime:0.0004s ]
SQL: SELECT * FROM `type` WHERE ( pid!=0 )  [ RunTime:0.0003s ]
INFO: [ view_parse ] --START--
INFO: [ template_filter ] --START--
INFO: Run Behavior\ContentReplaceBehavior [ RunTime:0.000381s ]
INFO: [ template_filter ] --END-- [ RunTime:0.000903s ]
NOTIC: [8] Undefined index: res D:\xampp\htdocs\php\case\6.1Project_bbs\bbs1709\Runtime\Cache\Home\c182afc48dcf006cfa0b33408401cd3e.php 第 21 行.
INFO: Run Behavior\ParseTemplateBehavior [ RunTime:0.027487s ]
INFO: [ view_parse ] --END-- [ RunTime:0.028045s ]
INFO: [ view_filter ] --START--
INFO: Run Behavior\WriteHtmlCacheBehavior [ RunTime:0.000784s ]
INFO: [ view_filter ] --END-- [ RunTime:0.001291s ]
INFO: [ app_end ] --START--
INFO: Run Behavior\ShowPageTraceBehavior [ RunTime:0.001070s ]
INFO: [ app_end ] --END-- [ RunTime:0.001624s ]

[ 2018-01-23T13:48:30+08:00 ] ::1 /
INFO: [ app_init ] --START--
INFO: Run Behavior\BuildLiteBehavior [ RunTime:0.000128s ]
INFO: [ app_init ] --END-- [ RunTime:0.002208s ]
INFO: [ app_begin ] --START--
INFO: Run Behavior\ReadHtmlCacheBehavior [ RunTime:0.001837s ]
INFO: [ app_begin ] --END-- [ RunTime:0.002360s ]
SQL: SHOW COLUMNS FROM `type` [ RunTime:0.0327s ]
SQL: SELECT * FROM `type` WHERE ( pid=0 )  [ RunTime:0.0005s ]
SQL: SELECT * FROM `type` WHERE ( pid!=0 )  [ RunTime:0.0003s ]
INFO: [ view_parse ] --START--
INFO: [ template_filter ] --START--
INFO: Run Behavior\ContentReplaceBehavior [ RunTime:0.000339s ]
INFO: [ template_filter ] --END-- [ RunTime:0.000866s ]
NOTIC: [8] Undefined index: res D:\xampp\htdocs\php\case\6.1Project_bbs\bbs1709\Runtime\Cache\Home\c182afc48dcf006cfa0b33408401cd3e.php 第 21 行.
INFO: Run Behavior\ParseTemplateBehavior [ RunTime:0.029870s ]
INFO: [ view_parse ] --END-- [ RunTime:0.030433s ]
INFO: [ view_filter ] --START--
INFO: Run Behavior\WriteHtmlCacheBehavior [ RunTime:0.000785s ]
INFO: [ view_filter ] --END-- [ RunTime:0.001315s ]
INFO: [ app_end ] --START--
INFO: Run Behavior\ShowPageTraceBehavior [ RunTime:0.001340s ]
INFO: [ app_end ] --END-- [ RunTime:0.001887s ]

[ 2018-01-23T13:52:44+08:00 ] 127.0.0.1 /
INFO: [ app_init ] --START--
INFO: Run Behavior\BuildLiteBehavior [ RunTime:0.000112s ]
INFO: [ app_init ] --END-- [ RunTime:0.001306s ]
INFO: [ app_begin ] --START--
INFO: Run Behavior\ReadHtmlCacheBehavior [ RunTime:0.001198s ]
INFO: [ app_begin ] --END-- [ RunTime:0.001741s ]
SQL: SHOW COLUMNS FROM `type` [ RunTime:0.0542s ]
SQL: SELECT * FROM `type` WHERE ( pid=0 )  [ RunTime:0.0004s ]
SQL: SELECT * FROM `type` WHERE ( pid!=0 )  [ RunTime:0.0003s ]
INFO: [ view_parse ] --START--
INFO: [ template_filter ] --START--
INFO: Run Behavior\ContentReplaceBehavior [ RunTime:0.000379s ]
INFO: [ template_filter ] --END-- [ RunTime:0.000920s ]
NOTIC: [8] Undefined index: res D:\xampp\htdocs\php\case\6.1Project_bbs\bbs1709\Runtime\Cache\Home\c182afc48dcf006cfa0b33408401cd3e.php 第 21 行.
INFO: Run Behavior\ParseTemplateBehavior [ RunTime:0.026634s ]
INFO: [ view_parse ] --END-- [ RunTime:0.027134s ]
INFO: [ view_filter ] --START--
INFO: Run Behavior\WriteHtmlCacheBehavior [ RunTime:0.000735s ]
INFO: [ view_filter ] --END-- [ RunTime:0.001235s ]
INFO: [ app_end ] --START--
INFO: Run Behavior\ShowPageTraceBehavior [ RunTime:0.001288s ]
INFO: [ app_end ] --END-- [ RunTime:0.001954s ]

[ 2018-01-23T13:54:54+08:00 ] 127.0.0.1 /
INFO: [ app_init ] --START--
INFO: Run Behavior\BuildLiteBehavior [ RunTime:0.000239s ]
INFO: [ app_init ] --END-- [ RunTime:0.001470s ]
INFO: [ app_begin ] --START--
INFO: Run Behavior\ReadHtmlCacheBehavior [ RunTime:0.001687s ]
INFO: [ app_begin ] --END-- [ RunTime:0.002259s ]
SQL: SHOW COLUMNS FROM `type` [ RunTime:0.0046s ]
SQL: SELECT * FROM `type` WHERE ( pid=0 )  [ RunTime:0.0004s ]
SQL: SELECT * FROM `type` WHERE ( pid!=0 )  [ RunTime:0.0004s ]
INFO: [ view_parse ] --START--
INFO: [ template_filter ] --START--
INFO: Run Behavior\ContentReplaceBehavior [ RunTime:0.000348s ]
INFO: [ template_filter ] --END-- [ RunTime:0.000861s ]
NOTIC: [8] Undefined index: res D:\xampp\htdocs\php\case\6.1Project_bbs\bbs1709\Runtime\Cache\Home\c182afc48dcf006cfa0b33408401cd3e.php 第 21 行.
INFO: Run Behavior\ParseTemplateBehavior [ RunTime:0.027385s ]
INFO: [ view_parse ] --END-- [ RunTime:0.027894s ]
INFO: [ view_filter ] --START--
INFO: Run Behavior\WriteHtmlCacheBehavior [ RunTime:0.000860s ]
INFO: [ view_filter ] --END-- [ RunTime:0.001459s ]
INFO: [ app_end ] --START--
INFO: Run Behavior\ShowPageTraceBehavior [ RunTime:0.001196s ]
INFO: [ app_end ] --END-- [ RunTime:0.001785s ]

[ 2018-01-23T17:41:51+08:00 ] 127.0.0.1 /
INFO: [ app_init ] --START--
INFO: Run Behavior\BuildLiteBehavior [ RunTime:0.000112s ]
INFO: [ app_init ] --END-- [ RunTime:0.002169s ]
INFO: [ app_begin ] --START--
INFO: Run Behavior\ReadHtmlCacheBehavior [ RunTime:0.002256s ]
INFO: [ app_begin ] --END-- [ RunTime:0.002785s ]
SQL: SHOW COLUMNS FROM `type` [ RunTime:0.0056s ]
SQL: SELECT * FROM `type` WHERE ( pid=0 )  [ RunTime:0.0004s ]
SQL: SELECT * FROM `type` WHERE ( pid!=0 )  [ RunTime:0.0003s ]
INFO: [ view_parse ] --START--
INFO: [ template_filter ] --START--
INFO: Run Behavior\ContentReplaceBehavior [ RunTime:0.000367s ]
INFO: [ template_filter ] --END-- [ RunTime:0.000869s ]
NOTIC: [8] Undefined index: res D:\xampp\htdocs\php\case\6.1Project_bbs\bbs1709\Runtime\Cache\Home\c182afc48dcf006cfa0b33408401cd3e.php 第 21 行.
INFO: Run Behavior\ParseTemplateBehavior [ RunTime:0.037238s ]
INFO: [ view_parse ] --END-- [ RunTime:0.037821s ]
INFO: [ view_filter ] --START--
INFO: Run Behavior\WriteHtmlCacheBehavior [ RunTime:0.002453s ]
INFO: [ view_filter ] --END-- [ RunTime:0.002965s ]
INFO: [ app_end ] --START--
INFO: Run Behavior\ShowPageTraceBehavior [ RunTime:0.002702s ]
INFO: [ app_end ] --END-- [ RunTime:0.003337s ]

[ 2018-01-23T17:43:34+08:00 ] 127.0.0.1 /
INFO: [ app_init ] --START--
INFO: Run Behavior\BuildLiteBehavior [ RunTime:0.000107s ]
INFO: [ app_init ] --END-- [ RunTime:0.002177s ]
INFO: [ app_begin ] --START--
INFO: Run Behavior\ReadHtmlCacheBehavior [ RunTime:0.002203s ]
INFO: [ app_begin ] --END-- [ RunTime:0.002734s ]
SQL: SHOW COLUMNS FROM `type` [ RunTime:0.0060s ]
SQL: SELECT * FROM `type` WHERE ( pid=0 )  [ RunTime:0.0005s ]
SQL: SELECT * FROM `type` WHERE ( pid!=0 )  [ RunTime:0.0004s ]
INFO: [ view_parse ] --START--
INFO: [ template_filter ] --START--
INFO: Run Behavior\ContentReplaceBehavior [ RunTime:0.000343s ]
INFO: [ template_filter ] --END-- [ RunTime:0.000853s ]
NOTIC: [8] Undefined index: res D:\xampp\htdocs\php\case\6.1Project_bbs\bbs1709\Runtime\Cache\Home\c182afc48dcf006cfa0b33408401cd3e.php 第 21 行.
INFO: Run Behavior\ParseTemplateBehavior [ RunTime:0.032689s ]
INFO: [ view_parse ] --END-- [ RunTime:0.033297s ]
INFO: [ view_filter ] --START--
INFO: Run Behavior\WriteHtmlCacheBehavior [ RunTime:0.002144s ]
INFO: [ view_filter ] --END-- [ RunTime:0.002657s ]
INFO: [ app_end ] --START--
INFO: Run Behavior\ShowPageTraceBehavior [ RunTime:0.002623s ]
INFO: [ app_end ] --END-- [ RunTime:0.003162s ]

[ 2018-01-23T19:49:26+08:00 ] ::1 /php/case/6.1Project_bbs/index.php/
INFO: [ app_init ] --START--
INFO: Run Behavior\BuildLiteBehavior [ RunTime:0.000115s ]
INFO: [ app_init ] --END-- [ RunTime:0.001250s ]
INFO: [ app_begin ] --START--
INFO: Run Behavior\ReadHtmlCacheBehavior [ RunTime:0.000908s ]
INFO: [ app_begin ] --END-- [ RunTime:0.001396s ]
SQL: SHOW COLUMNS FROM `type` [ RunTime:0.0337s ]
SQL: SELECT * FROM `type` WHERE ( pid=0 )  [ RunTime:0.0004s ]
SQL: SELECT * FROM `type` WHERE ( pid!=0 )  [ RunTime:0.0004s ]
INFO: [ view_parse ] --START--
INFO: [ template_filter ] --START--
INFO: Run Behavior\ContentReplaceBehavior [ RunTime:0.000352s ]
INFO: [ template_filter ] --END-- [ RunTime:0.000906s ]
NOTIC: [8] Undefined index: res D:\xampp\htdocs\php\case\6.1Project_bbs\bbs1709\Runtime\Cache\Home\c182afc48dcf006cfa0b33408401cd3e.php 第 21 行.
INFO: Run Behavior\ParseTemplateBehavior [ RunTime:0.027663s ]
INFO: [ view_parse ] --END-- [ RunTime:0.028160s ]
INFO: [ view_filter ] --START--
INFO: Run Behavior\WriteHtmlCacheBehavior [ RunTime:0.000785s ]
INFO: [ view_filter ] --END-- [ RunTime:0.001325s ]
INFO: [ app_end ] --START--
INFO: Run Behavior\ShowPageTraceBehavior [ RunTime:0.001097s ]
INFO: [ app_end ] --END-- [ RunTime:0.001632s ]

