[ 2018-01-31T09:41:52+08:00 ] 127.0.0.1 /
INFO: [ app_init ] --START--
INFO: Run Behavior\BuildLiteBehavior [ RunTime:0.000122s ]
INFO: [ app_init ] --END-- [ RunTime:0.002495s ]
INFO: [ app_begin ] --START--
INFO: Run Behavior\ReadHtmlCacheBehavior [ RunTime:0.011421s ]
INFO: [ app_begin ] --END-- [ RunTime:0.012051s ]
SQL: SHOW COLUMNS FROM `type` [ RunTime:0.0432s ]
SQL: SELECT * FROM `type` WHERE ( pid=0 )  [ RunTime:0.0007s ]
SQL: SELECT * FROM `type` WHERE ( pid!=0 )  [ RunTime:0.0004s ]
INFO: [ view_parse ] --START--
INFO: [ template_filter ] --START--
INFO: Run Behavior\ContentReplaceBehavior [ RunTime:0.000354s ]
INFO: [ template_filter ] --END-- [ RunTime:0.000896s ]
NOTIC: [8] Undefined index: res D:\xampp\htdocs\php\case\6.1Project_bbs\bbs1709\Runtime\Cache\Home\c182afc48dcf006cfa0b33408401cd3e.php 第 21 行.
INFO: Run Behavior\ParseTemplateBehavior [ RunTime:0.101672s ]
INFO: [ view_parse ] --END-- [ RunTime:0.102258s ]
INFO: [ view_filter ] --START--
INFO: Run Behavior\WriteHtmlCacheBehavior [ RunTime:0.001718s ]
INFO: [ view_filter ] --END-- [ RunTime:0.002234s ]
INFO: [ app_end ] --START--
INFO: Run Behavior\ShowPageTraceBehavior [ RunTime:0.015556s ]
INFO: [ app_end ] --END-- [ RunTime:0.016418s ]

