[ 2018-01-19T10:32:48+08:00 ] ::1 /php/week6/Project_bbs/Public/Home/css/next.png
INFO: [ app_init ] --START--
INFO: Run Behavior\BuildLiteBehavior [ RunTime:0.000110s ]
INFO: [ app_init ] --END-- [ RunTime:0.001089s ]
ERR: 无法加载模块:Public

[ 2018-01-19T10:32:51+08:00 ] ::1 /php/week6/Project_bbs/Public/Home/css/next.png
INFO: [ app_init ] --START--
INFO: Run Behavior\BuildLiteBehavior [ RunTime:0.000132s ]
INFO: [ app_init ] --END-- [ RunTime:0.001842s ]
ERR: 无法加载模块:Public

[ 2018-01-19T10:42:14+08:00 ] ::1 /php/week6/Project_bbs/Public/Home/css/next.png
INFO: [ app_init ] --START--
INFO: Run Behavior\BuildLiteBehavior [ RunTime:0.000112s ]
INFO: [ app_init ] --END-- [ RunTime:0.001195s ]
ERR: 无法加载模块:Public

[ 2018-01-19T10:42:39+08:00 ] ::1 /php/week6/Project_bbs/Public/Home/css/next.png
INFO: [ app_init ] --START--
INFO: Run Behavior\BuildLiteBehavior [ RunTime:0.000114s ]
INFO: [ app_init ] --END-- [ RunTime:0.001117s ]
ERR: 无法加载模块:Public

[ 2018-01-19T10:42:40+08:00 ] ::1 /php/week6/Project_bbs/Public/Home/css/next.png
INFO: [ app_init ] --START--
INFO: Run Behavior\BuildLiteBehavior [ RunTime:0.000113s ]
INFO: [ app_init ] --END-- [ RunTime:0.001128s ]
ERR: 无法加载模块:Public

[ 2018-01-19T11:24:53+08:00 ] ::1 /php/week6/Project_bbs/Public/Home/editor/styles/simditor-emoji.css.map
INFO: [ app_init ] --START--
INFO: Run Behavior\BuildLiteBehavior [ RunTime:0.000116s ]
INFO: [ app_init ] --END-- [ RunTime:0.001264s ]
ERR: 无法加载模块:Public

[ 2018-01-19T11:25:23+08:00 ] ::1 /php/week6/Project_bbs/Public/Home/editor/scripts/jquery.min.map
INFO: [ app_init ] --START--
INFO: Run Behavior\BuildLiteBehavior [ RunTime:0.000113s ]
INFO: [ app_init ] --END-- [ RunTime:0.001151s ]
ERR: 无法加载模块:Public

[ 2018-01-19T11:25:24+08:00 ] ::1 /php/week6/Project_bbs/Public/Home/editor/styles/simditor-emoji.css.map
INFO: [ app_init ] --START--
INFO: Run Behavior\BuildLiteBehavior [ RunTime:0.000114s ]
INFO: [ app_init ] --END-- [ RunTime:0.002302s ]
ERR: 无法加载模块:Public

[ 2018-01-19T11:26:58+08:00 ] ::1 /php/week6/Project_bbs/Public/Home/editor/scripts/jquery.min.map
INFO: [ app_init ] --START--
INFO: Run Behavior\BuildLiteBehavior [ RunTime:0.000112s ]
INFO: [ app_init ] --END-- [ RunTime:0.001252s ]
ERR: 无法加载模块:Public

[ 2018-01-19T11:26:58+08:00 ] ::1 /php/week6/Project_bbs/Public/Home/editor/styles/simditor-emoji.css.map
INFO: [ app_init ] --START--
INFO: Run Behavior\BuildLiteBehavior [ RunTime:0.000115s ]
INFO: [ app_init ] --END-- [ RunTime:0.001106s ]
ERR: 无法加载模块:Public

[ 2018-01-19T11:31:10+08:00 ] ::1 /php/week6/Project_bbs/Public/Home/editor/styles/simditor-emoji.css.map
INFO: [ app_init ] --START--
INFO: Run Behavior\BuildLiteBehavior [ RunTime:0.000113s ]
INFO: [ app_init ] --END-- [ RunTime:0.001128s ]
ERR: 无法加载模块:Public

[ 2018-01-19T11:31:10+08:00 ] ::1 /php/week6/Project_bbs/Public/Home/editor/scripts/jquery.min.map
INFO: [ app_init ] --START--
INFO: Run Behavior\BuildLiteBehavior [ RunTime:0.000110s ]
INFO: [ app_init ] --END-- [ RunTime:0.001197s ]
ERR: 无法加载模块:Public

[ 2018-01-19T11:55:49+08:00 ] ::1 /php/week6/Project_bbs/Public/Home/editor/scripts/jquery.min.map
INFO: [ app_init ] --START--
INFO: Run Behavior\BuildLiteBehavior [ RunTime:0.000113s ]
INFO: [ app_init ] --END-- [ RunTime:0.001189s ]
ERR: 无法加载模块:Public

[ 2018-01-19T11:55:49+08:00 ] ::1 /php/week6/Project_bbs/Public/Home/editor/styles/simditor-emoji.css.map
INFO: [ app_init ] --START--
INFO: Run Behavior\BuildLiteBehavior [ RunTime:0.000111s ]
INFO: [ app_init ] --END-- [ RunTime:0.001149s ]
ERR: 无法加载模块:Public

[ 2018-01-19T11:57:42+08:00 ] ::1 /php/week6/Project_bbs/Public/Home/editor/styles/simditor-emoji.css.map
INFO: [ app_init ] --START--
INFO: Run Behavior\BuildLiteBehavior [ RunTime:0.000113s ]
INFO: [ app_init ] --END-- [ RunTime:0.001141s ]
ERR: 无法加载模块:Public

[ 2018-01-19T11:58:47+08:00 ] ::1 /php/week6/Project_bbs/Public/Home/editor/styles/simditor-emoji.css.map
INFO: [ app_init ] --START--
INFO: Run Behavior\BuildLiteBehavior [ RunTime:0.000113s ]
INFO: [ app_init ] --END-- [ RunTime:0.001160s ]
ERR: 无法加载模块:Public

[ 2018-01-19T11:58:47+08:00 ] ::1 /php/week6/Project_bbs/Public/Home/editor/scripts/jquery.min.map
INFO: [ app_init ] --START--
INFO: Run Behavior\BuildLiteBehavior [ RunTime:0.000115s ]
INFO: [ app_init ] --END-- [ RunTime:0.001119s ]
ERR: 无法加载模块:Public

[ 2018-01-19T11:58:49+08:00 ] ::1 /php/week6/Project_bbs/Public/Home/editor/styles/simditor-emoji.css.map
INFO: [ app_init ] --START--
INFO: Run Behavior\BuildLiteBehavior [ RunTime:0.000117s ]
INFO: [ app_init ] --END-- [ RunTime:0.001336s ]
ERR: 无法加载模块:Public

[ 2018-01-19T11:58:49+08:00 ] ::1 /php/week6/Project_bbs/Public/Home/editor/scripts/jquery.min.map
INFO: [ app_init ] --START--
INFO: Run Behavior\BuildLiteBehavior [ RunTime:0.000109s ]
INFO: [ app_init ] --END-- [ RunTime:0.001260s ]
ERR: 无法加载模块:Public

[ 2018-01-19T11:58:54+08:00 ] ::1 /php/week6/Project_bbs/Public/Home/editor/scripts/jquery.min.map
INFO: [ app_init ] --START--
INFO: Run Behavior\BuildLiteBehavior [ RunTime:0.000116s ]
INFO: [ app_init ] --END-- [ RunTime:0.001156s ]
ERR: 无法加载模块:Public

[ 2018-01-19T11:58:54+08:00 ] ::1 /php/week6/Project_bbs/Public/Home/editor/styles/simditor-emoji.css.map
INFO: [ app_init ] --START--
INFO: Run Behavior\BuildLiteBehavior [ RunTime:0.000113s ]
INFO: [ app_init ] --END-- [ RunTime:0.001234s ]
ERR: 无法加载模块:Public

[ 2018-01-19T12:00:15+08:00 ] ::1 /php/week6/Project_bbs/Public/Home/editor/scripts/jquery.min.map
INFO: [ app_init ] --START--
INFO: Run Behavior\BuildLiteBehavior [ RunTime:0.000136s ]
INFO: [ app_init ] --END-- [ RunTime:0.001195s ]
ERR: 无法加载模块:Public

[ 2018-01-19T12:00:15+08:00 ] ::1 /php/week6/Project_bbs/Public/Home/editor/styles/simditor-emoji.css.map
INFO: [ app_init ] --START--
INFO: Run Behavior\BuildLiteBehavior [ RunTime:0.000118s ]
INFO: [ app_init ] --END-- [ RunTime:0.001247s ]
ERR: 无法加载模块:Public

[ 2018-01-19T12:00:19+08:00 ] ::1 /php/week6/Project_bbs/Public/Home/editor/scripts/jquery.min.map
INFO: [ app_init ] --START--
INFO: Run Behavior\BuildLiteBehavior [ RunTime:0.000119s ]
INFO: [ app_init ] --END-- [ RunTime:0.001249s ]
ERR: 无法加载模块:Public

[ 2018-01-19T12:00:19+08:00 ] ::1 /php/week6/Project_bbs/Public/Home/editor/styles/simditor-emoji.css.map
INFO: [ app_init ] --START--
INFO: Run Behavior\BuildLiteBehavior [ RunTime:0.000430s ]
INFO: [ app_init ] --END-- [ RunTime:0.001776s ]
ERR: 无法加载模块:Public

[ 2018-01-19T13:46:35+08:00 ] ::1 /php/week6/Project_bbs/Public/Home/editor/styles/simditor-emoji.css.map
INFO: [ app_init ] --START--
INFO: Run Behavior\BuildLiteBehavior [ RunTime:0.000116s ]
INFO: [ app_init ] --END-- [ RunTime:0.001234s ]
ERR: 无法加载模块:Public

[ 2018-01-19T13:46:35+08:00 ] ::1 /php/week6/Project_bbs/Public/Home/editor/scripts/jquery.min.map
INFO: [ app_init ] --START--
INFO: Run Behavior\BuildLiteBehavior [ RunTime:0.000114s ]
INFO: [ app_init ] --END-- [ RunTime:0.001350s ]
ERR: 无法加载模块:Public

[ 2018-01-19T13:46:41+08:00 ] ::1 /php/week6/Project_bbs/Public/Home/editor/styles/simditor-emoji.css.map
INFO: [ app_init ] --START--
INFO: Run Behavior\BuildLiteBehavior [ RunTime:0.000113s ]
INFO: [ app_init ] --END-- [ RunTime:0.001158s ]
ERR: 无法加载模块:Public

[ 2018-01-19T13:46:41+08:00 ] ::1 /php/week6/Project_bbs/Public/Home/editor/scripts/jquery.min.map
INFO: [ app_init ] --START--
INFO: Run Behavior\BuildLiteBehavior [ RunTime:0.000114s ]
INFO: [ app_init ] --END-- [ RunTime:0.001355s ]
ERR: 无法加载模块:Public

[ 2018-01-19T13:46:41+08:00 ] ::1 /php/week6/Project_bbs/Public/Home/editor/styles/simditor-emoji.css.map
INFO: [ app_init ] --START--
INFO: Run Behavior\BuildLiteBehavior [ RunTime:0.000117s ]
INFO: [ app_init ] --END-- [ RunTime:0.001384s ]
ERR: 无法加载模块:Public

[ 2018-01-19T13:46:41+08:00 ] ::1 /php/week6/Project_bbs/Public/Home/editor/styles/simditor-emoji.css.map
INFO: [ app_init ] --START--
INFO: Run Behavior\BuildLiteBehavior [ RunTime:0.000110s ]
INFO: [ app_init ] --END-- [ RunTime:0.001168s ]
ERR: 无法加载模块:Public

[ 2018-01-19T13:46:42+08:00 ] ::1 /php/week6/Project_bbs/Public/Home/editor/scripts/jquery.min.map
INFO: [ app_init ] --START--
INFO: Run Behavior\BuildLiteBehavior [ RunTime:0.000117s ]
INFO: [ app_init ] --END-- [ RunTime:0.001357s ]
ERR: 无法加载模块:Public

[ 2018-01-19T13:47:58+08:00 ] ::1 /php/week6/Project_bbs/Public/Home/editor/styles/simditor-emoji.css.map
INFO: [ app_init ] --START--
INFO: Run Behavior\BuildLiteBehavior [ RunTime:0.000116s ]
INFO: [ app_init ] --END-- [ RunTime:0.001139s ]
ERR: 无法加载模块:Public

[ 2018-01-19T13:47:58+08:00 ] ::1 /php/week6/Project_bbs/Public/Home/editor/scripts/jquery.min.map
INFO: [ app_init ] --START--
INFO: Run Behavior\BuildLiteBehavior [ RunTime:0.000120s ]
INFO: [ app_init ] --END-- [ RunTime:0.001416s ]
ERR: 无法加载模块:Public

[ 2018-01-19T13:48:12+08:00 ] ::1 /php/week6/Project_bbs/Public/Home/css/next.png
INFO: [ app_init ] --START--
INFO: Run Behavior\BuildLiteBehavior [ RunTime:0.000110s ]
INFO: [ app_init ] --END-- [ RunTime:0.001455s ]
ERR: 无法加载模块:Public

[ 2018-01-19T13:48:14+08:00 ] ::1 /php/week6/Project_bbs/Public/Home/editor/styles/simditor-emoji.css.map
INFO: [ app_init ] --START--
INFO: Run Behavior\BuildLiteBehavior [ RunTime:0.000114s ]
INFO: [ app_init ] --END-- [ RunTime:0.001485s ]
ERR: 无法加载模块:Public

[ 2018-01-19T13:48:14+08:00 ] ::1 /php/week6/Project_bbs/Public/Home/editor/scripts/jquery.min.map
INFO: [ app_init ] --START--
INFO: Run Behavior\BuildLiteBehavior [ RunTime:0.000113s ]
INFO: [ app_init ] --END-- [ RunTime:0.001197s ]
ERR: 无法加载模块:Public

[ 2018-01-19T13:48:47+08:00 ] ::1 /php/week6/Project_bbs/Public/Home/editor/styles/simditor-emoji.css.map
INFO: [ app_init ] --START--
INFO: Run Behavior\BuildLiteBehavior [ RunTime:0.000116s ]
INFO: [ app_init ] --END-- [ RunTime:0.001217s ]
ERR: 无法加载模块:Public

[ 2018-01-19T13:48:47+08:00 ] ::1 /php/week6/Project_bbs/Public/Home/editor/scripts/jquery.min.map
INFO: [ app_init ] --START--
INFO: Run Behavior\BuildLiteBehavior [ RunTime:0.000116s ]
INFO: [ app_init ] --END-- [ RunTime:0.001413s ]
ERR: 无法加载模块:Public

[ 2018-01-19T13:57:24+08:00 ] ::1 /php/week6/Project_bbs/Public/Home/editor/scripts/jquery.min.map
INFO: [ app_init ] --START--
INFO: Run Behavior\BuildLiteBehavior [ RunTime:0.000114s ]
INFO: [ app_init ] --END-- [ RunTime:0.001229s ]
ERR: 无法加载模块:Public

[ 2018-01-19T13:57:24+08:00 ] ::1 /php/week6/Project_bbs/Public/Home/editor/styles/simditor-emoji.css.map
INFO: [ app_init ] --START--
INFO: Run Behavior\BuildLiteBehavior [ RunTime:0.000121s ]
INFO: [ app_init ] --END-- [ RunTime:0.001682s ]
ERR: 无法加载模块:Public

[ 2018-01-19T13:58:29+08:00 ] ::1 /php/week6/Project_bbs/Public/Home/editor/styles/simditor-emoji.css.map
INFO: [ app_init ] --START--
INFO: Run Behavior\BuildLiteBehavior [ RunTime:0.000112s ]
INFO: [ app_init ] --END-- [ RunTime:0.001188s ]
ERR: 无法加载模块:Public

[ 2018-01-19T13:58:29+08:00 ] ::1 /php/week6/Project_bbs/Public/Home/editor/scripts/jquery.min.map
INFO: [ app_init ] --START--
INFO: Run Behavior\BuildLiteBehavior [ RunTime:0.000111s ]
INFO: [ app_init ] --END-- [ RunTime:0.001220s ]
ERR: 无法加载模块:Public

[ 2018-01-19T14:01:26+08:00 ] ::1 /php/week6/Project_bbs/Public/Home/editor/styles/simditor-emoji.css.map
INFO: [ app_init ] --START--
INFO: Run Behavior\BuildLiteBehavior [ RunTime:0.000112s ]
INFO: [ app_init ] --END-- [ RunTime:0.001163s ]
ERR: 无法加载模块:Public

[ 2018-01-19T14:01:26+08:00 ] ::1 /php/week6/Project_bbs/Public/Home/editor/scripts/jquery.min.map
INFO: [ app_init ] --START--
INFO: Run Behavior\BuildLiteBehavior [ RunTime:0.000116s ]
INFO: [ app_init ] --END-- [ RunTime:0.001413s ]
ERR: 无法加载模块:Public

[ 2018-01-19T14:01:35+08:00 ] ::1 /php/week6/Project_bbs/Public/Home/editor/styles/simditor-emoji.css.map
INFO: [ app_init ] --START--
INFO: Run Behavior\BuildLiteBehavior [ RunTime:0.000119s ]
INFO: [ app_init ] --END-- [ RunTime:0.001377s ]
ERR: 无法加载模块:Public

[ 2018-01-19T14:01:35+08:00 ] ::1 /php/week6/Project_bbs/Public/Home/editor/scripts/jquery.min.map
INFO: [ app_init ] --START--
INFO: Run Behavior\BuildLiteBehavior [ RunTime:0.000114s ]
INFO: [ app_init ] --END-- [ RunTime:0.001236s ]
ERR: 无法加载模块:Public

[ 2018-01-19T14:02:11+08:00 ] ::1 /php/week6/Project_bbs/Public/Home/editor/styles/simditor-emoji.css.map
INFO: [ app_init ] --START--
INFO: Run Behavior\BuildLiteBehavior [ RunTime:0.000112s ]
INFO: [ app_init ] --END-- [ RunTime:0.001186s ]
ERR: 无法加载模块:Public

[ 2018-01-19T14:02:11+08:00 ] ::1 /php/week6/Project_bbs/Public/Home/editor/scripts/jquery.min.map
INFO: [ app_init ] --START--
INFO: Run Behavior\BuildLiteBehavior [ RunTime:0.000107s ]
INFO: [ app_init ] --END-- [ RunTime:0.001101s ]
ERR: 无法加载模块:Public

[ 2018-01-19T14:03:12+08:00 ] ::1 /php/week6/Project_bbs/Public/Home/editor/styles/simditor-emoji.css.map
INFO: [ app_init ] --START--
INFO: Run Behavior\BuildLiteBehavior [ RunTime:0.000113s ]
INFO: [ app_init ] --END-- [ RunTime:0.001142s ]
ERR: 无法加载模块:Public

[ 2018-01-19T14:03:12+08:00 ] ::1 /php/week6/Project_bbs/Public/Home/editor/scripts/jquery.min.map
INFO: [ app_init ] --START--
INFO: Run Behavior\BuildLiteBehavior [ RunTime:0.000112s ]
INFO: [ app_init ] --END-- [ RunTime:0.001336s ]
ERR: 无法加载模块:Public

[ 2018-01-19T14:03:34+08:00 ] ::1 /php/week6/Project_bbs/Public/Home/editor/scripts/jquery.min.map
INFO: [ app_init ] --START--
INFO: Run Behavior\BuildLiteBehavior [ RunTime:0.000114s ]
INFO: [ app_init ] --END-- [ RunTime:0.001193s ]
ERR: 无法加载模块:Public

[ 2018-01-19T14:03:34+08:00 ] ::1 /php/week6/Project_bbs/Public/Home/editor/styles/simditor-emoji.css.map
INFO: [ app_init ] --START--
INFO: Run Behavior\BuildLiteBehavior [ RunTime:0.000114s ]
INFO: [ app_init ] --END-- [ RunTime:0.001310s ]
ERR: 无法加载模块:Public

[ 2018-01-19T14:06:16+08:00 ] ::1 /php/week6/Project_bbs/Public/Home/editor/styles/simditor-emoji.css.map
INFO: [ app_init ] --START--
INFO: Run Behavior\BuildLiteBehavior [ RunTime:0.000113s ]
INFO: [ app_init ] --END-- [ RunTime:0.001220s ]
ERR: 无法加载模块:Public

[ 2018-01-19T14:06:16+08:00 ] ::1 /php/week6/Project_bbs/Public/Home/editor/scripts/jquery.min.map
INFO: [ app_init ] --START--
INFO: Run Behavior\BuildLiteBehavior [ RunTime:0.000110s ]
INFO: [ app_init ] --END-- [ RunTime:0.001167s ]
ERR: 无法加载模块:Public

[ 2018-01-19T14:07:39+08:00 ] ::1 /php/week6/Project_bbs/Public/Home/css/next.png
INFO: [ app_init ] --START--
INFO: Run Behavior\BuildLiteBehavior [ RunTime:0.000121s ]
INFO: [ app_init ] --END-- [ RunTime:0.001423s ]
ERR: 无法加载模块:Public

[ 2018-01-19T14:07:41+08:00 ] ::1 /php/week6/Project_bbs/Public/Home/images/bttiao.png
INFO: [ app_init ] --START--
INFO: Run Behavior\BuildLiteBehavior [ RunTime:0.000118s ]
INFO: [ app_init ] --END-- [ RunTime:0.001213s ]
ERR: 无法加载模块:Public

[ 2018-01-19T14:07:41+08:00 ] ::1 /php/week6/Project_bbs/Public/Home/images/ydjian.png
INFO: [ app_init ] --START--
INFO: Run Behavior\BuildLiteBehavior [ RunTime:0.000108s ]
INFO: [ app_init ] --END-- [ RunTime:0.001188s ]
ERR: 无法加载模块:Public

[ 2018-01-19T14:07:41+08:00 ] ::1 /php/week6/Project_bbs/Public/Home/images/guanli.png
INFO: [ app_init ] --START--
INFO: Run Behavior\BuildLiteBehavior [ RunTime:0.000110s ]
INFO: [ app_init ] --END-- [ RunTime:0.001451s ]
ERR: 无法加载模块:Public

[ 2018-01-19T14:07:41+08:00 ] ::1 /php/week6/Project_bbs/Public/Home/images/light.png
INFO: [ app_init ] --START--
INFO: Run Behavior\BuildLiteBehavior [ RunTime:0.000114s ]
INFO: [ app_init ] --END-- [ RunTime:0.001176s ]
ERR: 无法加载模块:Public

[ 2018-01-19T14:07:41+08:00 ] ::1 /php/week6/Project_bbs/Public/Home/images/guanz.png
INFO: [ app_init ] --START--
INFO: Run Behavior\BuildLiteBehavior [ RunTime:0.000112s ]
INFO: [ app_init ] --END-- [ RunTime:0.001214s ]
ERR: 无法加载模块:Public

[ 2018-01-19T14:07:41+08:00 ] ::1 /php/week6/Project_bbs/Public/Home/images/fax.png
INFO: [ app_init ] --START--
INFO: Run Behavior\BuildLiteBehavior [ RunTime:0.000112s ]
INFO: [ app_init ] --END-- [ RunTime:0.001143s ]
ERR: 无法加载模块:Public

[ 2018-01-19T14:22:30+08:00 ] ::1 /php/week6/Project_bbs/Public/Home/css/next.png
INFO: [ app_init ] --START--
INFO: Run Behavior\BuildLiteBehavior [ RunTime:0.000121s ]
INFO: [ app_init ] --END-- [ RunTime:0.001620s ]
ERR: 无法加载模块:Public

[ 2018-01-19T14:23:07+08:00 ] ::1 /php/week6/Project_bbs/Public/Home/css/next.png
INFO: [ app_init ] --START--
INFO: Run Behavior\BuildLiteBehavior [ RunTime:0.000127s ]
INFO: [ app_init ] --END-- [ RunTime:0.001377s ]
ERR: 无法加载模块:Public

[ 2018-01-19T14:30:12+08:00 ] ::1 /php/week6/Project_bbs/Public/Home/css/next.png
INFO: [ app_init ] --START--
INFO: Run Behavior\BuildLiteBehavior [ RunTime:0.000110s ]
INFO: [ app_init ] --END-- [ RunTime:0.001202s ]
ERR: 无法加载模块:Public

[ 2018-01-19T14:31:34+08:00 ] ::1 /php/week6/Project_bbs/Public/Home/css/next.png
INFO: [ app_init ] --START--
INFO: Run Behavior\BuildLiteBehavior [ RunTime:0.000109s ]
INFO: [ app_init ] --END-- [ RunTime:0.001292s ]
ERR: 无法加载模块:Public

[ 2018-01-19T14:31:35+08:00 ] ::1 /php/week6/Project_bbs/Public/Home/css/next.png
INFO: [ app_init ] --START--
INFO: Run Behavior\BuildLiteBehavior [ RunTime:0.000114s ]
INFO: [ app_init ] --END-- [ RunTime:0.001577s ]
ERR: 无法加载模块:Public

[ 2018-01-19T14:38:27+08:00 ] ::1 /php/week6/Project_bbs/Public/Home/css/next.png
INFO: [ app_init ] --START--
INFO: Run Behavior\BuildLiteBehavior [ RunTime:0.000110s ]
INFO: [ app_init ] --END-- [ RunTime:0.001194s ]
ERR: 无法加载模块:Public

[ 2018-01-19T14:39:20+08:00 ] ::1 /php/week6/Project_bbs/Public/Home/css/next.png
INFO: [ app_init ] --START--
INFO: Run Behavior\BuildLiteBehavior [ RunTime:0.000107s ]
INFO: [ app_init ] --END-- [ RunTime:0.001230s ]
ERR: 无法加载模块:Public

[ 2018-01-19T14:39:24+08:00 ] ::1 /php/week6/Project_bbs/Public/Home/css/next.png
INFO: [ app_init ] --START--
INFO: Run Behavior\BuildLiteBehavior [ RunTime:0.000108s ]
INFO: [ app_init ] --END-- [ RunTime:0.001171s ]
ERR: 无法加载模块:Public

[ 2018-01-19T14:43:07+08:00 ] ::1 /php/week6/Project_bbs/Public/Home/css/next.png
INFO: [ app_init ] --START--
INFO: Run Behavior\BuildLiteBehavior [ RunTime:0.000112s ]
INFO: [ app_init ] --END-- [ RunTime:0.001373s ]
ERR: 无法加载模块:Public

[ 2018-01-19T14:43:10+08:00 ] ::1 /php/week6/Project_bbs/Public/Home/css/next.png
INFO: [ app_init ] --START--
INFO: Run Behavior\BuildLiteBehavior [ RunTime:0.000115s ]
INFO: [ app_init ] --END-- [ RunTime:0.001274s ]
ERR: 无法加载模块:Public

[ 2018-01-19T14:43:44+08:00 ] ::1 /php/week6/Project_bbs/Public/Home/css/next.png
INFO: [ app_init ] --START--
INFO: Run Behavior\BuildLiteBehavior [ RunTime:0.000141s ]
INFO: [ app_init ] --END-- [ RunTime:0.001688s ]
ERR: 无法加载模块:Public

[ 2018-01-19T14:46:41+08:00 ] ::1 /php/week6/Project_bbs/Public/Home/css/next.png
INFO: [ app_init ] --START--
INFO: Run Behavior\BuildLiteBehavior [ RunTime:0.000121s ]
INFO: [ app_init ] --END-- [ RunTime:0.001536s ]
ERR: 无法加载模块:Public

[ 2018-01-19T14:46:43+08:00 ] ::1 /php/week6/Project_bbs/Public/Home/css/next.png
INFO: [ app_init ] --START--
INFO: Run Behavior\BuildLiteBehavior [ RunTime:0.000119s ]
INFO: [ app_init ] --END-- [ RunTime:0.001503s ]
ERR: 无法加载模块:Public

[ 2018-01-19T14:46:55+08:00 ] ::1 /php/week6/Project_bbs/Public/Home/css/next.png
INFO: [ app_init ] --START--
INFO: Run Behavior\BuildLiteBehavior [ RunTime:0.000116s ]
INFO: [ app_init ] --END-- [ RunTime:0.001465s ]
ERR: 无法加载模块:Public

[ 2018-01-19T14:47:45+08:00 ] ::1 /php/week6/Project_bbs/Public/Home/css/next.png
INFO: [ app_init ] --START--
INFO: Run Behavior\BuildLiteBehavior [ RunTime:0.000115s ]
INFO: [ app_init ] --END-- [ RunTime:0.001273s ]
ERR: 无法加载模块:Public

[ 2018-01-19T14:48:44+08:00 ] ::1 /php/week6/Project_bbs/Public/Home/css/next.png
INFO: [ app_init ] --START--
INFO: Run Behavior\BuildLiteBehavior [ RunTime:0.000117s ]
INFO: [ app_init ] --END-- [ RunTime:0.001373s ]
ERR: 无法加载模块:Public

[ 2018-01-19T14:48:44+08:00 ] ::1 /php/week6/Project_bbs/Public/Home/css/next.png
INFO: [ app_init ] --START--
INFO: Run Behavior\BuildLiteBehavior [ RunTime:0.000117s ]
INFO: [ app_init ] --END-- [ RunTime:0.001472s ]
ERR: 无法加载模块:Public

[ 2018-01-19T14:49:12+08:00 ] ::1 /php/week6/Project_bbs/Public/Home/css/next.png
INFO: [ app_init ] --START--
INFO: Run Behavior\BuildLiteBehavior [ RunTime:0.000119s ]
INFO: [ app_init ] --END-- [ RunTime:0.001409s ]
ERR: 无法加载模块:Public

[ 2018-01-19T14:51:04+08:00 ] ::1 /php/week6/Project_bbs/Public/Home/css/next.png
INFO: [ app_init ] --START--
INFO: Run Behavior\BuildLiteBehavior [ RunTime:0.000155s ]
INFO: [ app_init ] --END-- [ RunTime:0.001477s ]
ERR: 无法加载模块:Public

[ 2018-01-19T14:51:31+08:00 ] ::1 /php/week6/Project_bbs/Public/Home/css/next.png
INFO: [ app_init ] --START--
INFO: Run Behavior\BuildLiteBehavior [ RunTime:0.000120s ]
INFO: [ app_init ] --END-- [ RunTime:0.001320s ]
ERR: 无法加载模块:Public

[ 2018-01-19T15:01:09+08:00 ] ::1 /php/week6/Project_bbs/Public/Home/editor/styles/simditor-emoji.css.map
INFO: [ app_init ] --START--
INFO: Run Behavior\BuildLiteBehavior [ RunTime:0.000122s ]
INFO: [ app_init ] --END-- [ RunTime:0.001893s ]
ERR: 无法加载模块:Public

[ 2018-01-19T15:01:09+08:00 ] ::1 /php/week6/Project_bbs/Public/Home/editor/scripts/jquery.min.map
INFO: [ app_init ] --START--
INFO: Run Behavior\BuildLiteBehavior [ RunTime:0.000117s ]
INFO: [ app_init ] --END-- [ RunTime:0.001459s ]
ERR: 无法加载模块:Public

[ 2018-01-19T15:01:22+08:00 ] ::1 /php/week6/Project_bbs/Public/Home/editor/styles/simditor-emoji.css.map
INFO: [ app_init ] --START--
INFO: Run Behavior\BuildLiteBehavior [ RunTime:0.000113s ]
INFO: [ app_init ] --END-- [ RunTime:0.001209s ]
ERR: 无法加载模块:Public

[ 2018-01-19T15:01:22+08:00 ] ::1 /php/week6/Project_bbs/Public/Home/editor/scripts/jquery.min.map
INFO: [ app_init ] --START--
INFO: Run Behavior\BuildLiteBehavior [ RunTime:0.000116s ]
INFO: [ app_init ] --END-- [ RunTime:0.001327s ]
ERR: 无法加载模块:Public

[ 2018-01-19T15:01:23+08:00 ] ::1 /php/week6/Project_bbs/Public/Home/editor/scripts/jquery.min.map
INFO: [ app_init ] --START--
INFO: Run Behavior\BuildLiteBehavior [ RunTime:0.000115s ]
INFO: [ app_init ] --END-- [ RunTime:0.001497s ]
ERR: 无法加载模块:Public

[ 2018-01-19T15:01:23+08:00 ] ::1 /php/week6/Project_bbs/Public/Home/editor/styles/simditor-emoji.css.map
INFO: [ app_init ] --START--
INFO: Run Behavior\BuildLiteBehavior [ RunTime:0.000118s ]
INFO: [ app_init ] --END-- [ RunTime:0.001372s ]
ERR: 无法加载模块:Public

[ 2018-01-19T15:01:53+08:00 ] ::1 /php/week6/Project_bbs/Public/Home/editor/styles/simditor-emoji.css.map
INFO: [ app_init ] --START--
INFO: Run Behavior\BuildLiteBehavior [ RunTime:0.000140s ]
INFO: [ app_init ] --END-- [ RunTime:0.001363s ]
ERR: 无法加载模块:Public

[ 2018-01-19T15:01:53+08:00 ] ::1 /php/week6/Project_bbs/Public/Home/editor/scripts/jquery.min.map
INFO: [ app_init ] --START--
INFO: Run Behavior\BuildLiteBehavior [ RunTime:0.000115s ]
INFO: [ app_init ] --END-- [ RunTime:0.001387s ]
ERR: 无法加载模块:Public

[ 2018-01-19T15:01:54+08:00 ] ::1 /php/week6/Project_bbs/Public/Home/editor/styles/simditor-emoji.css.map
INFO: [ app_init ] --START--
INFO: Run Behavior\BuildLiteBehavior [ RunTime:0.000115s ]
INFO: [ app_init ] --END-- [ RunTime:0.001285s ]
ERR: 无法加载模块:Public

[ 2018-01-19T15:01:54+08:00 ] ::1 /php/week6/Project_bbs/Public/Home/editor/scripts/jquery.min.map
INFO: [ app_init ] --START--
INFO: Run Behavior\BuildLiteBehavior [ RunTime:0.000114s ]
INFO: [ app_init ] --END-- [ RunTime:0.001300s ]
ERR: 无法加载模块:Public

[ 2018-01-19T15:02:14+08:00 ] ::1 /php/week6/Project_bbs/Public/Home/css/next.png
INFO: [ app_init ] --START--
INFO: Run Behavior\BuildLiteBehavior [ RunTime:0.000143s ]
INFO: [ app_init ] --END-- [ RunTime:0.001505s ]
ERR: 无法加载模块:Public

[ 2018-01-19T15:02:30+08:00 ] ::1 /php/week6/Project_bbs/Public/Home/css/next.png
INFO: [ app_init ] --START--
INFO: Run Behavior\BuildLiteBehavior [ RunTime:0.000127s ]
INFO: [ app_init ] --END-- [ RunTime:0.001528s ]
ERR: 无法加载模块:Public

[ 2018-01-19T15:02:52+08:00 ] ::1 /php/week6/Project_bbs/Public/Home/css/next.png
INFO: [ app_init ] --START--
INFO: Run Behavior\BuildLiteBehavior [ RunTime:0.000122s ]
INFO: [ app_init ] --END-- [ RunTime:0.001288s ]
ERR: 无法加载模块:Public

[ 2018-01-19T15:02:58+08:00 ] ::1 /php/week6/Project_bbs/Public/Home/css/next.png
INFO: [ app_init ] --START--
INFO: Run Behavior\BuildLiteBehavior [ RunTime:0.000113s ]
INFO: [ app_init ] --END-- [ RunTime:0.001173s ]
ERR: 无法加载模块:Public

[ 2018-01-19T15:03:06+08:00 ] ::1 /php/week6/Project_bbs/Public/Home/css/next.png
INFO: [ app_init ] --START--
INFO: Run Behavior\BuildLiteBehavior [ RunTime:0.000122s ]
INFO: [ app_init ] --END-- [ RunTime:0.001651s ]
ERR: 无法加载模块:Public

[ 2018-01-19T15:03:06+08:00 ] ::1 /php/week6/Project_bbs/Public/Home/css/next.png
INFO: [ app_init ] --START--
INFO: Run Behavior\BuildLiteBehavior [ RunTime:0.000137s ]
INFO: [ app_init ] --END-- [ RunTime:0.001285s ]
ERR: 无法加载模块:Public

[ 2018-01-19T15:05:16+08:00 ] ::1 /php/week6/Project_bbs/Public/Home/editor/styles/simditor-emoji.css.map
INFO: [ app_init ] --START--
INFO: Run Behavior\BuildLiteBehavior [ RunTime:0.000116s ]
INFO: [ app_init ] --END-- [ RunTime:0.001478s ]
ERR: 无法加载模块:Public

[ 2018-01-19T15:05:16+08:00 ] ::1 /php/week6/Project_bbs/Public/Home/editor/scripts/jquery.min.map
INFO: [ app_init ] --START--
INFO: Run Behavior\BuildLiteBehavior [ RunTime:0.000121s ]
INFO: [ app_init ] --END-- [ RunTime:0.001480s ]
ERR: 无法加载模块:Public

[ 2018-01-19T15:07:12+08:00 ] ::1 /php/week6/Project_bbs/Public/Home/editor/scripts/jquery.min.map
INFO: [ app_init ] --START--
INFO: Run Behavior\BuildLiteBehavior [ RunTime:0.000111s ]
INFO: [ app_init ] --END-- [ RunTime:0.001162s ]
ERR: 无法加载模块:Public

[ 2018-01-19T15:07:13+08:00 ] ::1 /php/week6/Project_bbs/Public/Home/editor/styles/simditor-emoji.css.map
INFO: [ app_init ] --START--
INFO: Run Behavior\BuildLiteBehavior [ RunTime:0.000112s ]
INFO: [ app_init ] --END-- [ RunTime:0.001343s ]
ERR: 无法加载模块:Public

[ 2018-01-19T15:07:41+08:00 ] ::1 /php/week6/Project_bbs/Public/Home/editor/styles/simditor-emoji.css.map
INFO: [ app_init ] --START--
INFO: Run Behavior\BuildLiteBehavior [ RunTime:0.000116s ]
INFO: [ app_init ] --END-- [ RunTime:0.001482s ]
ERR: 无法加载模块:Public

[ 2018-01-19T15:07:41+08:00 ] ::1 /php/week6/Project_bbs/Public/Home/editor/scripts/jquery.min.map
INFO: [ app_init ] --START--
INFO: Run Behavior\BuildLiteBehavior [ RunTime:0.000120s ]
INFO: [ app_init ] --END-- [ RunTime:0.001397s ]
ERR: 无法加载模块:Public

[ 2018-01-19T15:09:39+08:00 ] ::1 /php/week6/Project_bbs/Public/Home/editor/scripts/jquery.min.map
INFO: [ app_init ] --START--
INFO: Run Behavior\BuildLiteBehavior [ RunTime:0.000116s ]
INFO: [ app_init ] --END-- [ RunTime:0.001172s ]
ERR: 无法加载模块:Public

[ 2018-01-19T15:09:39+08:00 ] ::1 /php/week6/Project_bbs/Public/Home/editor/styles/simditor-emoji.css.map
INFO: [ app_init ] --START--
INFO: Run Behavior\BuildLiteBehavior [ RunTime:0.000114s ]
INFO: [ app_init ] --END-- [ RunTime:0.001440s ]
ERR: 无法加载模块:Public

[ 2018-01-19T15:10:20+08:00 ] ::1 /php/week6/Project_bbs/Public/Home/editor/styles/simditor-emoji.css.map
INFO: [ app_init ] --START--
INFO: Run Behavior\BuildLiteBehavior [ RunTime:0.000133s ]
INFO: [ app_init ] --END-- [ RunTime:0.001446s ]
ERR: 无法加载模块:Public

[ 2018-01-19T15:10:20+08:00 ] ::1 /php/week6/Project_bbs/Public/Home/editor/scripts/jquery.min.map
INFO: [ app_init ] --START--
INFO: Run Behavior\BuildLiteBehavior [ RunTime:0.000113s ]
INFO: [ app_init ] --END-- [ RunTime:0.001274s ]
ERR: 无法加载模块:Public

[ 2018-01-19T15:10:21+08:00 ] ::1 /php/week6/Project_bbs/Public/Home/editor/styles/simditor-emoji.css.map
INFO: [ app_init ] --START--
INFO: Run Behavior\BuildLiteBehavior [ RunTime:0.000114s ]
INFO: [ app_init ] --END-- [ RunTime:0.001160s ]
ERR: 无法加载模块:Public

[ 2018-01-19T15:10:21+08:00 ] ::1 /php/week6/Project_bbs/Public/Home/editor/scripts/jquery.min.map
INFO: [ app_init ] --START--
INFO: Run Behavior\BuildLiteBehavior [ RunTime:0.000117s ]
INFO: [ app_init ] --END-- [ RunTime:0.001300s ]
ERR: 无法加载模块:Public

[ 2018-01-19T15:10:41+08:00 ] ::1 /php/week6/Project_bbs/Public/Home/editor/styles/simditor-emoji.css.map
INFO: [ app_init ] --START--
INFO: Run Behavior\BuildLiteBehavior [ RunTime:0.000117s ]
INFO: [ app_init ] --END-- [ RunTime:0.001474s ]
ERR: 无法加载模块:Public

[ 2018-01-19T15:10:41+08:00 ] ::1 /php/week6/Project_bbs/Public/Home/editor/scripts/jquery.min.map
INFO: [ app_init ] --START--
INFO: Run Behavior\BuildLiteBehavior [ RunTime:0.000115s ]
INFO: [ app_init ] --END-- [ RunTime:0.001268s ]
ERR: 无法加载模块:Public

[ 2018-01-19T15:10:43+08:00 ] ::1 /php/week6/Project_bbs/Public/Home/editor/styles/simditor-emoji.css.map
INFO: [ app_init ] --START--
INFO: Run Behavior\BuildLiteBehavior [ RunTime:0.000114s ]
INFO: [ app_init ] --END-- [ RunTime:0.001189s ]
ERR: 无法加载模块:Public

[ 2018-01-19T15:10:43+08:00 ] ::1 /php/week6/Project_bbs/Public/Home/editor/scripts/jquery.min.map
INFO: [ app_init ] --START--
INFO: Run Behavior\BuildLiteBehavior [ RunTime:0.000154s ]
INFO: [ app_init ] --END-- [ RunTime:0.001543s ]
ERR: 无法加载模块:Public

[ 2018-01-19T15:10:45+08:00 ] ::1 /php/week6/Project_bbs/Public/Home/editor/styles/simditor-emoji.css.map
INFO: [ app_init ] --START--
INFO: Run Behavior\BuildLiteBehavior [ RunTime:0.000114s ]
INFO: [ app_init ] --END-- [ RunTime:0.001322s ]
ERR: 无法加载模块:Public

[ 2018-01-19T15:10:45+08:00 ] ::1 /php/week6/Project_bbs/Public/Home/editor/scripts/jquery.min.map
INFO: [ app_init ] --START--
INFO: Run Behavior\BuildLiteBehavior [ RunTime:0.000109s ]
INFO: [ app_init ] --END-- [ RunTime:0.001162s ]
ERR: 无法加载模块:Public

[ 2018-01-19T15:13:32+08:00 ] ::1 /php/week6/Project_bbs/Public/Home/editor/styles/simditor-emoji.css.map
INFO: [ app_init ] --START--
INFO: Run Behavior\BuildLiteBehavior [ RunTime:0.000109s ]
INFO: [ app_init ] --END-- [ RunTime:0.001138s ]
ERR: 无法加载模块:Public

[ 2018-01-19T15:14:50+08:00 ] ::1 /php/week6/Project_bbs/Public/Home/editor/styles/simditor-emoji.css.map
INFO: [ app_init ] --START--
INFO: Run Behavior\BuildLiteBehavior [ RunTime:0.000120s ]
INFO: [ app_init ] --END-- [ RunTime:0.001474s ]
ERR: 无法加载模块:Public

[ 2018-01-19T15:14:50+08:00 ] ::1 /php/week6/Project_bbs/Public/Home/editor/scripts/jquery.min.map
INFO: [ app_init ] --START--
INFO: Run Behavior\BuildLiteBehavior [ RunTime:0.000119s ]
INFO: [ app_init ] --END-- [ RunTime:0.001506s ]
ERR: 无法加载模块:Public

[ 2018-01-19T15:14:50+08:00 ] ::1 /php/week6/Project_bbs/Public/Home/editor/scripts/jquery.min.map
INFO: [ app_init ] --START--
INFO: Run Behavior\BuildLiteBehavior [ RunTime:0.000189s ]
INFO: [ app_init ] --END-- [ RunTime:0.001446s ]
ERR: 无法加载模块:Public

[ 2018-01-19T15:14:50+08:00 ] ::1 /php/week6/Project_bbs/Public/Home/editor/styles/simditor-emoji.css.map
INFO: [ app_init ] --START--
INFO: Run Behavior\BuildLiteBehavior [ RunTime:0.000123s ]
INFO: [ app_init ] --END-- [ RunTime:0.001343s ]
ERR: 无法加载模块:Public

[ 2018-01-19T15:14:50+08:00 ] ::1 /php/week6/Project_bbs/Public/Home/editor/styles/simditor-emoji.css.map
INFO: [ app_init ] --START--
INFO: Run Behavior\BuildLiteBehavior [ RunTime:0.000109s ]
INFO: [ app_init ] --END-- [ RunTime:0.001158s ]
ERR: 无法加载模块:Public

[ 2018-01-19T15:14:50+08:00 ] ::1 /php/week6/Project_bbs/Public/Home/editor/scripts/jquery.min.map
INFO: [ app_init ] --START--
INFO: Run Behavior\BuildLiteBehavior [ RunTime:0.000115s ]
INFO: [ app_init ] --END-- [ RunTime:0.001300s ]
ERR: 无法加载模块:Public

[ 2018-01-19T15:15:12+08:00 ] ::1 /php/week6/Project_bbs/Public/Home/editor/scripts/jquery.min.map
INFO: [ app_init ] --START--
INFO: Run Behavior\BuildLiteBehavior [ RunTime:0.000119s ]
INFO: [ app_init ] --END-- [ RunTime:0.001436s ]
ERR: 无法加载模块:Public

[ 2018-01-19T15:15:12+08:00 ] ::1 /php/week6/Project_bbs/Public/Home/editor/styles/simditor-emoji.css.map
INFO: [ app_init ] --START--
INFO: Run Behavior\BuildLiteBehavior [ RunTime:0.000168s ]
INFO: [ app_init ] --END-- [ RunTime:0.001440s ]
ERR: 无法加载模块:Public

[ 2018-01-19T15:15:14+08:00 ] ::1 /php/week6/Project_bbs/Public/Home/editor/styles/simditor-emoji.css.map
INFO: [ app_init ] --START--
INFO: Run Behavior\BuildLiteBehavior [ RunTime:0.000114s ]
INFO: [ app_init ] --END-- [ RunTime:0.001216s ]
ERR: 无法加载模块:Public

[ 2018-01-19T15:15:14+08:00 ] ::1 /php/week6/Project_bbs/Public/Home/editor/scripts/jquery.min.map
INFO: [ app_init ] --START--
INFO: Run Behavior\BuildLiteBehavior [ RunTime:0.000114s ]
INFO: [ app_init ] --END-- [ RunTime:0.001332s ]
ERR: 无法加载模块:Public

[ 2018-01-19T15:15:48+08:00 ] ::1 /php/week6/Project_bbs/Public/Home/editor/styles/simditor-emoji.css.map
INFO: [ app_init ] --START--
INFO: Run Behavior\BuildLiteBehavior [ RunTime:0.000131s ]
INFO: [ app_init ] --END-- [ RunTime:0.001213s ]
ERR: 无法加载模块:Public

[ 2018-01-19T15:15:49+08:00 ] ::1 /php/week6/Project_bbs/Public/Home/editor/scripts/jquery.min.map
INFO: [ app_init ] --START--
INFO: Run Behavior\BuildLiteBehavior [ RunTime:0.000112s ]
INFO: [ app_init ] --END-- [ RunTime:0.001449s ]
ERR: 无法加载模块:Public

[ 2018-01-19T15:15:50+08:00 ] ::1 /php/week6/Project_bbs/Public/Home/editor/styles/simditor-emoji.css.map
INFO: [ app_init ] --START--
INFO: Run Behavior\BuildLiteBehavior [ RunTime:0.000111s ]
INFO: [ app_init ] --END-- [ RunTime:0.001260s ]
ERR: 无法加载模块:Public

[ 2018-01-19T15:15:50+08:00 ] ::1 /php/week6/Project_bbs/Public/Home/editor/scripts/jquery.min.map
INFO: [ app_init ] --START--
INFO: Run Behavior\BuildLiteBehavior [ RunTime:0.000117s ]
INFO: [ app_init ] --END-- [ RunTime:0.001357s ]
ERR: 无法加载模块:Public

[ 2018-01-19T15:15:52+08:00 ] ::1 /php/week6/Project_bbs/Public/Home/editor/styles/simditor-emoji.css.map
INFO: [ app_init ] --START--
INFO: Run Behavior\BuildLiteBehavior [ RunTime:0.000116s ]
INFO: [ app_init ] --END-- [ RunTime:0.001256s ]
ERR: 无法加载模块:Public

[ 2018-01-19T15:15:52+08:00 ] ::1 /php/week6/Project_bbs/Public/Home/editor/scripts/jquery.min.map
INFO: [ app_init ] --START--
INFO: Run Behavior\BuildLiteBehavior [ RunTime:0.000120s ]
INFO: [ app_init ] --END-- [ RunTime:0.001393s ]
ERR: 无法加载模块:Public

[ 2018-01-19T15:16:13+08:00 ] ::1 /php/week6/Project_bbs/Public/Home/editor/scripts/jquery.min.map
INFO: [ app_init ] --START--
INFO: Run Behavior\BuildLiteBehavior [ RunTime:0.000119s ]
INFO: [ app_init ] --END-- [ RunTime:0.001416s ]
ERR: 无法加载模块:Public

[ 2018-01-19T15:16:13+08:00 ] ::1 /php/week6/Project_bbs/Public/Home/editor/styles/simditor-emoji.css.map
INFO: [ app_init ] --START--
INFO: Run Behavior\BuildLiteBehavior [ RunTime:0.000185s ]
INFO: [ app_init ] --END-- [ RunTime:0.001560s ]
ERR: 无法加载模块:Public

[ 2018-01-19T15:16:14+08:00 ] ::1 /php/week6/Project_bbs/Public/Home/editor/styles/simditor-emoji.css.map
INFO: [ app_init ] --START--
INFO: Run Behavior\BuildLiteBehavior [ RunTime:0.000114s ]
INFO: [ app_init ] --END-- [ RunTime:0.001228s ]
ERR: 无法加载模块:Public

[ 2018-01-19T15:16:14+08:00 ] ::1 /php/week6/Project_bbs/Public/Home/editor/scripts/jquery.min.map
INFO: [ app_init ] --START--
INFO: Run Behavior\BuildLiteBehavior [ RunTime:0.000114s ]
INFO: [ app_init ] --END-- [ RunTime:0.001373s ]
ERR: 无法加载模块:Public

[ 2018-01-19T15:16:15+08:00 ] ::1 /php/week6/Project_bbs/Public/Home/editor/styles/simditor-emoji.css.map
INFO: [ app_init ] --START--
INFO: Run Behavior\BuildLiteBehavior [ RunTime:0.000110s ]
INFO: [ app_init ] --END-- [ RunTime:0.001190s ]
ERR: 无法加载模块:Public

[ 2018-01-19T15:16:15+08:00 ] ::1 /php/week6/Project_bbs/Public/Home/editor/scripts/jquery.min.map
INFO: [ app_init ] --START--
INFO: Run Behavior\BuildLiteBehavior [ RunTime:0.000113s ]
INFO: [ app_init ] --END-- [ RunTime:0.001274s ]
ERR: 无法加载模块:Public

[ 2018-01-19T15:16:15+08:00 ] ::1 /php/week6/Project_bbs/Public/Home/editor/scripts/jquery.min.map
INFO: [ app_init ] --START--
INFO: Run Behavior\BuildLiteBehavior [ RunTime:0.000116s ]
INFO: [ app_init ] --END-- [ RunTime:0.001323s ]
ERR: 无法加载模块:Public

[ 2018-01-19T15:16:15+08:00 ] ::1 /php/week6/Project_bbs/Public/Home/editor/styles/simditor-emoji.css.map
INFO: [ app_init ] --START--
INFO: Run Behavior\BuildLiteBehavior [ RunTime:0.000119s ]
INFO: [ app_init ] --END-- [ RunTime:0.001756s ]
ERR: 无法加载模块:Public

[ 2018-01-19T15:17:41+08:00 ] ::1 /php/week6/Project_bbs/Public/Home/editor/scripts/jquery.min.map
INFO: [ app_init ] --START--
INFO: Run Behavior\BuildLiteBehavior [ RunTime:0.000114s ]
INFO: [ app_init ] --END-- [ RunTime:0.001329s ]
ERR: 无法加载模块:Public

[ 2018-01-19T15:17:41+08:00 ] ::1 /php/week6/Project_bbs/Public/Home/editor/styles/simditor-emoji.css.map
INFO: [ app_init ] --START--
INFO: Run Behavior\BuildLiteBehavior [ RunTime:0.000113s ]
INFO: [ app_init ] --END-- [ RunTime:0.001392s ]
ERR: 无法加载模块:Public

[ 2018-01-19T15:17:43+08:00 ] ::1 /php/week6/Project_bbs/Public/Home/editor/styles/simditor-emoji.css.map
INFO: [ app_init ] --START--
INFO: Run Behavior\BuildLiteBehavior [ RunTime:0.000129s ]
INFO: [ app_init ] --END-- [ RunTime:0.001541s ]
ERR: 无法加载模块:Public

[ 2018-01-19T15:17:43+08:00 ] ::1 /php/week6/Project_bbs/Public/Home/editor/scripts/jquery.min.map
INFO: [ app_init ] --START--
INFO: Run Behavior\BuildLiteBehavior [ RunTime:0.000110s ]
INFO: [ app_init ] --END-- [ RunTime:0.001332s ]
ERR: 无法加载模块:Public

[ 2018-01-19T15:17:47+08:00 ] ::1 /php/week6/Project_bbs/Public/Home/editor/styles/simditor-emoji.css.map
INFO: [ app_init ] --START--
INFO: Run Behavior\BuildLiteBehavior [ RunTime:0.000116s ]
INFO: [ app_init ] --END-- [ RunTime:0.001255s ]
ERR: 无法加载模块:Public

[ 2018-01-19T15:17:47+08:00 ] ::1 /php/week6/Project_bbs/Public/Home/editor/scripts/jquery.min.map
INFO: [ app_init ] --START--
INFO: Run Behavior\BuildLiteBehavior [ RunTime:0.000145s ]
INFO: [ app_init ] --END-- [ RunTime:0.001499s ]
ERR: 无法加载模块:Public

[ 2018-01-19T15:18:21+08:00 ] ::1 /php/week6/Project_bbs/Public/Home/editor/styles/simditor-emoji.css.map
INFO: [ app_init ] --START--
INFO: Run Behavior\BuildLiteBehavior [ RunTime:0.000177s ]
INFO: [ app_init ] --END-- [ RunTime:0.001461s ]
ERR: 无法加载模块:Public

[ 2018-01-19T15:18:21+08:00 ] ::1 /php/week6/Project_bbs/Public/Home/editor/scripts/jquery.min.map
INFO: [ app_init ] --START--
INFO: Run Behavior\BuildLiteBehavior [ RunTime:0.000114s ]
INFO: [ app_init ] --END-- [ RunTime:0.001252s ]
ERR: 无法加载模块:Public

[ 2018-01-19T15:18:22+08:00 ] ::1 /php/week6/Project_bbs/Public/Home/editor/scripts/jquery.min.map
INFO: [ app_init ] --START--
INFO: Run Behavior\BuildLiteBehavior [ RunTime:0.000119s ]
INFO: [ app_init ] --END-- [ RunTime:0.001367s ]
ERR: 无法加载模块:Public

[ 2018-01-19T15:18:22+08:00 ] ::1 /php/week6/Project_bbs/Public/Home/editor/styles/simditor-emoji.css.map
INFO: [ app_init ] --START--
INFO: Run Behavior\BuildLiteBehavior [ RunTime:0.000111s ]
INFO: [ app_init ] --END-- [ RunTime:0.001189s ]
ERR: 无法加载模块:Public

[ 2018-01-19T15:19:09+08:00 ] ::1 /php/week6/Project_bbs/Public/Home/editor/styles/simditor-emoji.css.map
INFO: [ app_init ] --START--
INFO: Run Behavior\BuildLiteBehavior [ RunTime:0.000119s ]
INFO: [ app_init ] --END-- [ RunTime:0.001299s ]
ERR: 无法加载模块:Public

[ 2018-01-19T15:19:26+08:00 ] ::1 /php/week6/Project_bbs/Public/Home/editor/styles/simditor-emoji.css.map
INFO: [ app_init ] --START--
INFO: Run Behavior\BuildLiteBehavior [ RunTime:0.000115s ]
INFO: [ app_init ] --END-- [ RunTime:0.001214s ]
ERR: 无法加载模块:Public

[ 2018-01-19T15:19:27+08:00 ] ::1 /php/week6/Project_bbs/Public/Home/editor/scripts/jquery.min.map
INFO: [ app_init ] --START--
INFO: Run Behavior\BuildLiteBehavior [ RunTime:0.000119s ]
INFO: [ app_init ] --END-- [ RunTime:0.001524s ]
ERR: 无法加载模块:Public

[ 2018-01-19T15:19:37+08:00 ] ::1 /php/week6/Project_bbs/Public/Home/editor/scripts/jquery.min.map
INFO: [ app_init ] --START--
INFO: Run Behavior\BuildLiteBehavior [ RunTime:0.000131s ]
INFO: [ app_init ] --END-- [ RunTime:0.001403s ]
ERR: 无法加载模块:Public

[ 2018-01-19T15:19:37+08:00 ] ::1 /php/week6/Project_bbs/Public/Home/editor/styles/simditor-emoji.css.map
INFO: [ app_init ] --START--
INFO: Run Behavior\BuildLiteBehavior [ RunTime:0.000113s ]
INFO: [ app_init ] --END-- [ RunTime:0.001602s ]
ERR: 无法加载模块:Public

[ 2018-01-19T15:20:04+08:00 ] ::1 /php/week6/Project_bbs/Public/Home/editor/styles/simditor-emoji.css.map
INFO: [ app_init ] --START--
INFO: Run Behavior\BuildLiteBehavior [ RunTime:0.000120s ]
INFO: [ app_init ] --END-- [ RunTime:0.001435s ]
ERR: 无法加载模块:Public

[ 2018-01-19T15:20:04+08:00 ] ::1 /php/week6/Project_bbs/Public/Home/editor/scripts/jquery.min.map
INFO: [ app_init ] --START--
INFO: Run Behavior\BuildLiteBehavior [ RunTime:0.000115s ]
INFO: [ app_init ] --END-- [ RunTime:0.001626s ]
ERR: 无法加载模块:Public

[ 2018-01-19T15:20:28+08:00 ] ::1 /php/week6/Project_bbs/Public/Home/editor/styles/simditor-emoji.css.map
INFO: [ app_init ] --START--
INFO: Run Behavior\BuildLiteBehavior [ RunTime:0.000123s ]
INFO: [ app_init ] --END-- [ RunTime:0.001194s ]
ERR: 无法加载模块:Public

[ 2018-01-19T15:20:28+08:00 ] ::1 /php/week6/Project_bbs/Public/Home/editor/scripts/jquery.min.map
INFO: [ app_init ] --START--
INFO: Run Behavior\BuildLiteBehavior [ RunTime:0.000117s ]
INFO: [ app_init ] --END-- [ RunTime:0.001274s ]
ERR: 无法加载模块:Public

[ 2018-01-19T15:20:35+08:00 ] ::1 /php/week6/Project_bbs/Public/Home/editor/styles/simditor-emoji.css.map
INFO: [ app_init ] --START--
INFO: Run Behavior\BuildLiteBehavior [ RunTime:0.000115s ]
INFO: [ app_init ] --END-- [ RunTime:0.001333s ]
ERR: 无法加载模块:Public

[ 2018-01-19T15:20:35+08:00 ] ::1 /php/week6/Project_bbs/Public/Home/editor/scripts/jquery.min.map
INFO: [ app_init ] --START--
INFO: Run Behavior\BuildLiteBehavior [ RunTime:0.000116s ]
INFO: [ app_init ] --END-- [ RunTime:0.001330s ]
ERR: 无法加载模块:Public

[ 2018-01-19T15:20:37+08:00 ] ::1 /php/week6/Project_bbs/Public/Home/editor/styles/simditor-emoji.css.map
INFO: [ app_init ] --START--
INFO: Run Behavior\BuildLiteBehavior [ RunTime:0.000121s ]
INFO: [ app_init ] --END-- [ RunTime:0.002094s ]
ERR: 无法加载模块:Public

[ 2018-01-19T15:20:37+08:00 ] ::1 /php/week6/Project_bbs/Public/Home/editor/scripts/jquery.min.map
INFO: [ app_init ] --START--
INFO: Run Behavior\BuildLiteBehavior [ RunTime:0.000114s ]
INFO: [ app_init ] --END-- [ RunTime:0.001504s ]
ERR: 无法加载模块:Public

[ 2018-01-19T15:21:00+08:00 ] ::1 /php/week6/Project_bbs/Public/Home/editor/styles/simditor-emoji.css.map
INFO: [ app_init ] --START--
INFO: Run Behavior\BuildLiteBehavior [ RunTime:0.000113s ]
INFO: [ app_init ] --END-- [ RunTime:0.001279s ]
ERR: 无法加载模块:Public

[ 2018-01-19T15:21:00+08:00 ] ::1 /php/week6/Project_bbs/Public/Home/editor/scripts/jquery.min.map
INFO: [ app_init ] --START--
INFO: Run Behavior\BuildLiteBehavior [ RunTime:0.000119s ]
INFO: [ app_init ] --END-- [ RunTime:0.001601s ]
ERR: 无法加载模块:Public

[ 2018-01-19T15:21:01+08:00 ] ::1 /php/week6/Project_bbs/Public/Home/editor/styles/simditor-emoji.css.map
INFO: [ app_init ] --START--
INFO: Run Behavior\BuildLiteBehavior [ RunTime:0.000112s ]
INFO: [ app_init ] --END-- [ RunTime:0.001171s ]
ERR: 无法加载模块:Public

[ 2018-01-19T15:21:01+08:00 ] ::1 /php/week6/Project_bbs/Public/Home/editor/scripts/jquery.min.map
INFO: [ app_init ] --START--
INFO: Run Behavior\BuildLiteBehavior [ RunTime:0.000115s ]
INFO: [ app_init ] --END-- [ RunTime:0.001314s ]
ERR: 无法加载模块:Public

[ 2018-01-19T15:21:01+08:00 ] ::1 /php/week6/Project_bbs/Public/Home/editor/styles/simditor-emoji.css.map
INFO: [ app_init ] --START--
INFO: Run Behavior\BuildLiteBehavior [ RunTime:0.000115s ]
INFO: [ app_init ] --END-- [ RunTime:0.001375s ]
ERR: 无法加载模块:Public

[ 2018-01-19T15:21:01+08:00 ] ::1 /php/week6/Project_bbs/Public/Home/editor/scripts/jquery.min.map
INFO: [ app_init ] --START--
INFO: Run Behavior\BuildLiteBehavior [ RunTime:0.000115s ]
INFO: [ app_init ] --END-- [ RunTime:0.001278s ]
ERR: 无法加载模块:Public

[ 2018-01-19T15:21:43+08:00 ] ::1 /php/week6/Project_bbs/Public/Home/editor/styles/simditor-emoji.css.map
INFO: [ app_init ] --START--
INFO: Run Behavior\BuildLiteBehavior [ RunTime:0.000109s ]
INFO: [ app_init ] --END-- [ RunTime:0.001161s ]
ERR: 无法加载模块:Public

[ 2018-01-19T15:21:43+08:00 ] ::1 /php/week6/Project_bbs/Public/Home/editor/scripts/jquery.min.map
INFO: [ app_init ] --START--
INFO: Run Behavior\BuildLiteBehavior [ RunTime:0.000116s ]
INFO: [ app_init ] --END-- [ RunTime:0.001297s ]
ERR: 无法加载模块:Public

[ 2018-01-19T15:21:44+08:00 ] ::1 /php/week6/Project_bbs/Public/Home/editor/scripts/jquery.min.map
INFO: [ app_init ] --START--
INFO: Run Behavior\BuildLiteBehavior [ RunTime:0.000022s ]
INFO: [ app_init ] --END-- [ RunTime:0.000841s ]
ERR: 无法加载模块:Public

[ 2018-01-19T15:21:44+08:00 ] ::1 /php/week6/Project_bbs/Public/Home/editor/styles/simditor-emoji.css.map
INFO: [ app_init ] --START--
INFO: Run Behavior\BuildLiteBehavior [ RunTime:0.000017s ]
INFO: [ app_init ] --END-- [ RunTime:0.000537s ]
ERR: 无法加载模块:Public

[ 2018-01-19T15:21:55+08:00 ] ::1 /php/week6/Project_bbs/Public/Home/editor/styles/simditor-emoji.css.map
INFO: [ app_init ] --START--
INFO: Run Behavior\BuildLiteBehavior [ RunTime:0.000019s ]
INFO: [ app_init ] --END-- [ RunTime:0.000584s ]
ERR: 无法加载模块:Public

[ 2018-01-19T15:21:55+08:00 ] ::1 /php/week6/Project_bbs/Public/Home/editor/scripts/jquery.min.map
INFO: [ app_init ] --START--
INFO: Run Behavior\BuildLiteBehavior [ RunTime:0.000020s ]
INFO: [ app_init ] --END-- [ RunTime:0.000646s ]
ERR: 无法加载模块:Public

[ 2018-01-19T15:21:56+08:00 ] ::1 /php/week6/Project_bbs/Public/Home/editor/scripts/jquery.min.map
INFO: [ app_init ] --START--
INFO: Run Behavior\BuildLiteBehavior [ RunTime:0.000022s ]
INFO: [ app_init ] --END-- [ RunTime:0.000747s ]
ERR: 无法加载模块:Public

[ 2018-01-19T15:21:56+08:00 ] ::1 /php/week6/Project_bbs/Public/Home/editor/styles/simditor-emoji.css.map
INFO: [ app_init ] --START--
INFO: Run Behavior\BuildLiteBehavior [ RunTime:0.000027s ]
INFO: [ app_init ] --END-- [ RunTime:0.000707s ]
ERR: 无法加载模块:Public

[ 2018-01-19T15:23:05+08:00 ] ::1 /php/week6/Project_bbs/Public/Home/editor/styles/simditor-emoji.css.map
INFO: [ app_init ] --START--
INFO: Run Behavior\BuildLiteBehavior [ RunTime:0.000030s ]
INFO: [ app_init ] --END-- [ RunTime:0.000762s ]
ERR: 无法加载模块:Public

[ 2018-01-19T15:23:05+08:00 ] ::1 /php/week6/Project_bbs/Public/Home/editor/scripts/jquery.min.map
INFO: [ app_init ] --START--
INFO: Run Behavior\BuildLiteBehavior [ RunTime:0.000020s ]
INFO: [ app_init ] --END-- [ RunTime:0.000798s ]
ERR: 无法加载模块:Public

[ 2018-01-19T15:23:09+08:00 ] ::1 /php/week6/Project_bbs/Public/Home/editor/styles/simditor-emoji.css.map
INFO: [ app_init ] --START--
INFO: Run Behavior\BuildLiteBehavior [ RunTime:0.000019s ]
INFO: [ app_init ] --END-- [ RunTime:0.000611s ]
ERR: 无法加载模块:Public

[ 2018-01-19T15:23:09+08:00 ] ::1 /php/week6/Project_bbs/Public/Home/editor/scripts/jquery.min.map
INFO: [ app_init ] --START--
INFO: Run Behavior\BuildLiteBehavior [ RunTime:0.000021s ]
INFO: [ app_init ] --END-- [ RunTime:0.000724s ]
ERR: 无法加载模块:Public

[ 2018-01-19T15:23:27+08:00 ] ::1 /php/week6/Project_bbs/Public/Home/editor/styles/simditor-emoji.css.map
INFO: [ app_init ] --START--
INFO: Run Behavior\BuildLiteBehavior [ RunTime:0.000019s ]
INFO: [ app_init ] --END-- [ RunTime:0.000562s ]
ERR: 无法加载模块:Public

[ 2018-01-19T15:23:27+08:00 ] ::1 /php/week6/Project_bbs/Public/Home/editor/scripts/jquery.min.map
INFO: [ app_init ] --START--
INFO: Run Behavior\BuildLiteBehavior [ RunTime:0.000021s ]
INFO: [ app_init ] --END-- [ RunTime:0.000978s ]
ERR: 无法加载模块:Public

[ 2018-01-19T15:23:30+08:00 ] ::1 /php/week6/Project_bbs/Public/Home/css/next.png
INFO: [ app_init ] --START--
INFO: Run Behavior\BuildLiteBehavior [ RunTime:0.000021s ]
INFO: [ app_init ] --END-- [ RunTime:0.000914s ]
ERR: 无法加载模块:Public

[ 2018-01-19T15:23:32+08:00 ] ::1 /php/week6/Project_bbs/Public/Home/editor/styles/simditor-emoji.css.map
INFO: [ app_init ] --START--
INFO: Run Behavior\BuildLiteBehavior [ RunTime:0.000024s ]
INFO: [ app_init ] --END-- [ RunTime:0.000730s ]
ERR: 无法加载模块:Public

[ 2018-01-19T15:23:32+08:00 ] ::1 /php/week6/Project_bbs/Public/Home/editor/scripts/jquery.min.map
INFO: [ app_init ] --START--
INFO: Run Behavior\BuildLiteBehavior [ RunTime:0.000022s ]
INFO: [ app_init ] --END-- [ RunTime:0.000852s ]
ERR: 无法加载模块:Public

[ 2018-01-19T15:25:35+08:00 ] ::1 /php/week6/Project_bbs/Public/Home/editor/scripts/jquery.min.map
INFO: [ app_init ] --START--
INFO: Run Behavior\BuildLiteBehavior [ RunTime:0.000021s ]
INFO: [ app_init ] --END-- [ RunTime:0.000756s ]
ERR: 无法加载模块:Public

[ 2018-01-19T15:25:35+08:00 ] ::1 /php/week6/Project_bbs/Public/Home/editor/styles/simditor-emoji.css.map
INFO: [ app_init ] --START--
INFO: Run Behavior\BuildLiteBehavior [ RunTime:0.000018s ]
INFO: [ app_init ] --END-- [ RunTime:0.000570s ]
ERR: 无法加载模块:Public

[ 2018-01-19T15:25:36+08:00 ] ::1 /php/week6/Project_bbs/Public/Home/editor/scripts/jquery.min.map
INFO: [ app_init ] --START--
INFO: Run Behavior\BuildLiteBehavior [ RunTime:0.000025s ]
INFO: [ app_init ] --END-- [ RunTime:0.000826s ]
ERR: 无法加载模块:Public

[ 2018-01-19T15:25:36+08:00 ] ::1 /php/week6/Project_bbs/Public/Home/editor/styles/simditor-emoji.css.map
INFO: [ app_init ] --START--
INFO: Run Behavior\BuildLiteBehavior [ RunTime:0.000019s ]
INFO: [ app_init ] --END-- [ RunTime:0.000696s ]
ERR: 无法加载模块:Public

[ 2018-01-19T15:25:36+08:00 ] ::1 /php/week6/Project_bbs/Public/Home/editor/styles/simditor-emoji.css.map
INFO: [ app_init ] --START--
INFO: Run Behavior\BuildLiteBehavior [ RunTime:0.000035s ]
INFO: [ app_init ] --END-- [ RunTime:0.000579s ]
ERR: 无法加载模块:Public

[ 2018-01-19T15:25:36+08:00 ] ::1 /php/week6/Project_bbs/Public/Home/editor/scripts/jquery.min.map
INFO: [ app_init ] --START--
INFO: Run Behavior\BuildLiteBehavior [ RunTime:0.000021s ]
INFO: [ app_init ] --END-- [ RunTime:0.000725s ]
ERR: 无法加载模块:Public

[ 2018-01-19T15:25:47+08:00 ] ::1 /php/week6/Project_bbs/Public/Home/editor/styles/simditor-emoji.css.map
INFO: [ app_init ] --START--
INFO: Run Behavior\BuildLiteBehavior [ RunTime:0.000020s ]
INFO: [ app_init ] --END-- [ RunTime:0.000729s ]
ERR: 无法加载模块:Public

[ 2018-01-19T15:25:47+08:00 ] ::1 /php/week6/Project_bbs/Public/Home/editor/scripts/jquery.min.map
INFO: [ app_init ] --START--
INFO: Run Behavior\BuildLiteBehavior [ RunTime:0.000021s ]
INFO: [ app_init ] --END-- [ RunTime:0.000670s ]
ERR: 无法加载模块:Public

[ 2018-01-19T15:26:41+08:00 ] ::1 /php/week6/Project_bbs/Public/Home/editor/styles/simditor-emoji.css.map
INFO: [ app_init ] --START--
INFO: Run Behavior\BuildLiteBehavior [ RunTime:0.000020s ]
INFO: [ app_init ] --END-- [ RunTime:0.000787s ]
ERR: 无法加载模块:Public

[ 2018-01-19T15:26:41+08:00 ] ::1 /php/week6/Project_bbs/Public/Home/editor/scripts/jquery.min.map
INFO: [ app_init ] --START--
INFO: Run Behavior\BuildLiteBehavior [ RunTime:0.000022s ]
INFO: [ app_init ] --END-- [ RunTime:0.000753s ]
ERR: 无法加载模块:Public

[ 2018-01-19T15:27:55+08:00 ] ::1 /php/week6/Project_bbs/Public/Home/editor/styles/simditor-emoji.css.map
INFO: [ app_init ] --START--
INFO: Run Behavior\BuildLiteBehavior [ RunTime:0.000023s ]
INFO: [ app_init ] --END-- [ RunTime:0.001399s ]
ERR: 无法加载模块:Public

[ 2018-01-19T15:27:55+08:00 ] ::1 /php/week6/Project_bbs/Public/Home/editor/scripts/jquery.min.map
INFO: [ app_init ] --START--
INFO: Run Behavior\BuildLiteBehavior [ RunTime:0.000022s ]
INFO: [ app_init ] --END-- [ RunTime:0.000792s ]
ERR: 无法加载模块:Public

[ 2018-01-19T15:28:22+08:00 ] ::1 /php/week6/Project_bbs/Public/Home/css/next.png
INFO: [ app_init ] --START--
INFO: Run Behavior\BuildLiteBehavior [ RunTime:0.000020s ]
INFO: [ app_init ] --END-- [ RunTime:0.000653s ]
ERR: 无法加载模块:Public

[ 2018-01-19T15:28:26+08:00 ] ::1 /php/week6/Project_bbs/Public/Home/images/guanli.png
INFO: [ app_init ] --START--
INFO: Run Behavior\BuildLiteBehavior [ RunTime:0.000019s ]
INFO: [ app_init ] --END-- [ RunTime:0.000652s ]
ERR: 无法加载模块:Public

[ 2018-01-19T15:28:26+08:00 ] ::1 /php/week6/Project_bbs/Public/Home/images/light.png
INFO: [ app_init ] --START--
INFO: Run Behavior\BuildLiteBehavior [ RunTime:0.000020s ]
INFO: [ app_init ] --END-- [ RunTime:0.000572s ]
ERR: 无法加载模块:Public

[ 2018-01-19T15:28:26+08:00 ] ::1 /php/week6/Project_bbs/Public/Home/images/bttiao.png
INFO: [ app_init ] --START--
INFO: Run Behavior\BuildLiteBehavior [ RunTime:0.000019s ]
INFO: [ app_init ] --END-- [ RunTime:0.000551s ]
ERR: 无法加载模块:Public

[ 2018-01-19T15:28:26+08:00 ] ::1 /php/week6/Project_bbs/Public/Home/images/guanz.png
INFO: [ app_init ] --START--
INFO: Run Behavior\BuildLiteBehavior [ RunTime:0.000022s ]
INFO: [ app_init ] --END-- [ RunTime:0.000548s ]
ERR: 无法加载模块:Public

[ 2018-01-19T15:28:26+08:00 ] ::1 /php/week6/Project_bbs/Public/Home/images/fax.png
INFO: [ app_init ] --START--
INFO: Run Behavior\BuildLiteBehavior [ RunTime:0.000095s ]
INFO: [ app_init ] --END-- [ RunTime:0.000888s ]
ERR: 无法加载模块:Public

[ 2018-01-19T15:28:28+08:00 ] ::1 /php/week6/Project_bbs/Public/Home/css/next.png
INFO: [ app_init ] --START--
INFO: Run Behavior\BuildLiteBehavior [ RunTime:0.000022s ]
INFO: [ app_init ] --END-- [ RunTime:0.000736s ]
ERR: 无法加载模块:Public

[ 2018-01-19T15:28:29+08:00 ] ::1 /php/week6/Project_bbs/Public/Home/editor/styles/simditor-emoji.css.map
INFO: [ app_init ] --START--
INFO: Run Behavior\BuildLiteBehavior [ RunTime:0.000024s ]
INFO: [ app_init ] --END-- [ RunTime:0.000825s ]
ERR: 无法加载模块:Public

[ 2018-01-19T15:28:29+08:00 ] ::1 /php/week6/Project_bbs/Public/Home/editor/scripts/jquery.min.map
INFO: [ app_init ] --START--
INFO: Run Behavior\BuildLiteBehavior [ RunTime:0.000020s ]
INFO: [ app_init ] --END-- [ RunTime:0.000703s ]
ERR: 无法加载模块:Public

[ 2018-01-19T15:31:20+08:00 ] ::1 /php/week6/Project_bbs/Public/Home/editor/styles/simditor-emoji.css.map
INFO: [ app_init ] --START--
INFO: Run Behavior\BuildLiteBehavior [ RunTime:0.000022s ]
INFO: [ app_init ] --END-- [ RunTime:0.000754s ]
ERR: 无法加载模块:Public

[ 2018-01-19T15:31:20+08:00 ] ::1 /php/week6/Project_bbs/Public/Home/editor/scripts/jquery.min.map
INFO: [ app_init ] --START--
INFO: Run Behavior\BuildLiteBehavior [ RunTime:0.000019s ]
INFO: [ app_init ] --END-- [ RunTime:0.000615s ]
ERR: 无法加载模块:Public

[ 2018-01-19T15:31:22+08:00 ] ::1 /php/week6/Project_bbs/Public/Home/css/next.png
INFO: [ app_init ] --START--
INFO: Run Behavior\BuildLiteBehavior [ RunTime:0.000019s ]
INFO: [ app_init ] --END-- [ RunTime:0.000620s ]
ERR: 无法加载模块:Public

[ 2018-01-19T15:31:25+08:00 ] ::1 /php/week6/Project_bbs/Public/Home/editor/styles/simditor-emoji.css.map
INFO: [ app_init ] --START--
INFO: Run Behavior\BuildLiteBehavior [ RunTime:0.000019s ]
INFO: [ app_init ] --END-- [ RunTime:0.000649s ]
ERR: 无法加载模块:Public

[ 2018-01-19T15:31:25+08:00 ] ::1 /php/week6/Project_bbs/Public/Home/editor/scripts/jquery.min.map
INFO: [ app_init ] --START--
INFO: Run Behavior\BuildLiteBehavior [ RunTime:0.000022s ]
INFO: [ app_init ] --END-- [ RunTime:0.000766s ]
ERR: 无法加载模块:Public

[ 2018-01-19T15:32:48+08:00 ] ::1 /php/week6/Project_bbs/Public/Home/editor/styles/simditor-emoji.css.map
INFO: [ app_init ] --START--
INFO: Run Behavior\BuildLiteBehavior [ RunTime:0.000019s ]
INFO: [ app_init ] --END-- [ RunTime:0.000600s ]
ERR: 无法加载模块:Public

[ 2018-01-19T15:32:48+08:00 ] ::1 /php/week6/Project_bbs/Public/Home/editor/scripts/jquery.min.map
INFO: [ app_init ] --START--
INFO: Run Behavior\BuildLiteBehavior [ RunTime:0.000020s ]
INFO: [ app_init ] --END-- [ RunTime:0.000628s ]
ERR: 无法加载模块:Public

[ 2018-01-19T15:32:56+08:00 ] ::1 /php/week6/Project_bbs/Public/Home/css/next.png
INFO: [ app_init ] --START--
INFO: Run Behavior\BuildLiteBehavior [ RunTime:0.000027s ]
INFO: [ app_init ] --END-- [ RunTime:0.000635s ]
ERR: 无法加载模块:Public

[ 2018-01-19T15:33:04+08:00 ] ::1 /php/week6/Project_bbs/Public/Home/css/next.png
INFO: [ app_init ] --START--
INFO: Run Behavior\BuildLiteBehavior [ RunTime:0.000020s ]
INFO: [ app_init ] --END-- [ RunTime:0.000655s ]
ERR: 无法加载模块:Public

[ 2018-01-19T15:33:06+08:00 ] ::1 /php/week6/Project_bbs/Public/Home/editor/styles/simditor-emoji.css.map
INFO: [ app_init ] --START--
INFO: Run Behavior\BuildLiteBehavior [ RunTime:0.000019s ]
INFO: [ app_init ] --END-- [ RunTime:0.000593s ]
ERR: 无法加载模块:Public

[ 2018-01-19T15:33:06+08:00 ] ::1 /php/week6/Project_bbs/Public/Home/editor/scripts/jquery.min.map
INFO: [ app_init ] --START--
INFO: Run Behavior\BuildLiteBehavior [ RunTime:0.000021s ]
INFO: [ app_init ] --END-- [ RunTime:0.000679s ]
ERR: 无法加载模块:Public

[ 2018-01-19T15:33:12+08:00 ] ::1 /php/week6/Project_bbs/Public/Home/css/next.png
INFO: [ app_init ] --START--
INFO: Run Behavior\BuildLiteBehavior [ RunTime:0.000020s ]
INFO: [ app_init ] --END-- [ RunTime:0.000648s ]
ERR: 无法加载模块:Public

[ 2018-01-19T15:34:42+08:00 ] ::1 /php/week6/Project_bbs/Public/Home/css/next.png
INFO: [ app_init ] --START--
INFO: Run Behavior\BuildLiteBehavior [ RunTime:0.000021s ]
INFO: [ app_init ] --END-- [ RunTime:0.000772s ]
ERR: 无法加载模块:Public

[ 2018-01-19T15:34:49+08:00 ] ::1 /php/week6/Project_bbs/Public/Home/css/next.png
INFO: [ app_init ] --START--
INFO: Run Behavior\BuildLiteBehavior [ RunTime:0.000020s ]
INFO: [ app_init ] --END-- [ RunTime:0.000626s ]
ERR: 无法加载模块:Public

[ 2018-01-19T15:34:51+08:00 ] ::1 /php/week6/Project_bbs/Public/Home/images/fax.png
INFO: [ app_init ] --START--
INFO: Run Behavior\BuildLiteBehavior [ RunTime:0.000021s ]
INFO: [ app_init ] --END-- [ RunTime:0.000639s ]
ERR: 无法加载模块:Public

[ 2018-01-19T15:34:51+08:00 ] ::1 /php/week6/Project_bbs/Public/Home/images/guanli.png
INFO: [ app_init ] --START--
INFO: Run Behavior\BuildLiteBehavior [ RunTime:0.000023s ]
INFO: [ app_init ] --END-- [ RunTime:0.001132s ]
ERR: 无法加载模块:Public

[ 2018-01-19T15:34:51+08:00 ] ::1 /php/week6/Project_bbs/Public/Home/images/bttiao.png
INFO: [ app_init ] --START--
INFO: Run Behavior\BuildLiteBehavior [ RunTime:0.000020s ]
INFO: [ app_init ] --END-- [ RunTime:0.000661s ]
ERR: 无法加载模块:Public

[ 2018-01-19T15:34:51+08:00 ] ::1 /php/week6/Project_bbs/Public/Home/images/guanz.png
INFO: [ app_init ] --START--
INFO: Run Behavior\BuildLiteBehavior [ RunTime:0.000036s ]
INFO: [ app_init ] --END-- [ RunTime:0.000969s ]
ERR: 无法加载模块:Public

[ 2018-01-19T15:35:49+08:00 ] ::1 /php/week6/Project_bbs/Public/Home/css/next.png
INFO: [ app_init ] --START--
INFO: Run Behavior\BuildLiteBehavior [ RunTime:0.000022s ]
INFO: [ app_init ] --END-- [ RunTime:0.000639s ]
ERR: 无法加载模块:Public

[ 2018-01-19T15:36:31+08:00 ] ::1 /php/week6/Project_bbs/Public/Home/css/next.png
INFO: [ app_init ] --START--
INFO: Run Behavior\BuildLiteBehavior [ RunTime:0.000020s ]
INFO: [ app_init ] --END-- [ RunTime:0.000661s ]
ERR: 无法加载模块:Public

[ 2018-01-19T15:38:02+08:00 ] ::1 /php/week6/Project_bbs/Public/Home/css/next.png
INFO: [ app_init ] --START--
INFO: Run Behavior\BuildLiteBehavior [ RunTime:0.000019s ]
INFO: [ app_init ] --END-- [ RunTime:0.000632s ]
ERR: 无法加载模块:Public

[ 2018-01-19T15:38:06+08:00 ] ::1 /php/week6/Project_bbs/Public/Home/css/next.png
INFO: [ app_init ] --START--
INFO: Run Behavior\BuildLiteBehavior [ RunTime:0.000019s ]
INFO: [ app_init ] --END-- [ RunTime:0.000717s ]
ERR: 无法加载模块:Public

[ 2018-01-19T15:38:15+08:00 ] ::1 /php/week6/Project_bbs/Public/Home/css/next.png
INFO: [ app_init ] --START--
INFO: Run Behavior\BuildLiteBehavior [ RunTime:0.000035s ]
INFO: [ app_init ] --END-- [ RunTime:0.000859s ]
ERR: 无法加载模块:Public

[ 2018-01-19T15:39:21+08:00 ] ::1 /php/week6/Project_bbs/Public/Home/css/next.png
INFO: [ app_init ] --START--
INFO: Run Behavior\BuildLiteBehavior [ RunTime:0.000022s ]
INFO: [ app_init ] --END-- [ RunTime:0.000721s ]
ERR: 无法加载模块:Public

[ 2018-01-19T15:39:29+08:00 ] ::1 /php/week6/Project_bbs/Public/Home/css/next.png
INFO: [ app_init ] --START--
INFO: Run Behavior\BuildLiteBehavior [ RunTime:0.000022s ]
INFO: [ app_init ] --END-- [ RunTime:0.000705s ]
ERR: 无法加载模块:Public

[ 2018-01-19T15:41:07+08:00 ] ::1 /php/week6/Project_bbs/Public/Home/css/next.png
INFO: [ app_init ] --START--
INFO: Run Behavior\BuildLiteBehavior [ RunTime:0.000024s ]
INFO: [ app_init ] --END-- [ RunTime:0.000713s ]
ERR: 无法加载模块:Public

[ 2018-01-19T15:41:15+08:00 ] ::1 /php/week6/Project_bbs/Public/Home/css/next.png
INFO: [ app_init ] --START--
INFO: Run Behavior\BuildLiteBehavior [ RunTime:0.000020s ]
INFO: [ app_init ] --END-- [ RunTime:0.000872s ]
ERR: 无法加载模块:Public

[ 2018-01-19T15:41:33+08:00 ] ::1 /php/week6/Project_bbs/Public/Home/css/next.png
INFO: [ app_init ] --START--
INFO: Run Behavior\BuildLiteBehavior [ RunTime:0.000024s ]
INFO: [ app_init ] --END-- [ RunTime:0.000800s ]
ERR: 无法加载模块:Public

[ 2018-01-19T15:42:22+08:00 ] ::1 /php/week6/Project_bbs/Public/Home/css/next.png
INFO: [ app_init ] --START--
INFO: Run Behavior\BuildLiteBehavior [ RunTime:0.000022s ]
INFO: [ app_init ] --END-- [ RunTime:0.000704s ]
ERR: 无法加载模块:Public

[ 2018-01-19T15:42:34+08:00 ] ::1 /php/week6/Project_bbs/Public/Home/css/next.png
INFO: [ app_init ] --START--
INFO: Run Behavior\BuildLiteBehavior [ RunTime:0.000020s ]
INFO: [ app_init ] --END-- [ RunTime:0.000593s ]
ERR: 无法加载模块:Public

[ 2018-01-19T15:44:04+08:00 ] ::1 /php/week6/Project_bbs/Public/Home/images/guanz.png
INFO: [ app_init ] --START--
INFO: Run Behavior\BuildLiteBehavior [ RunTime:0.000017s ]
INFO: [ app_init ] --END-- [ RunTime:0.000645s ]
ERR: 无法加载模块:Public

[ 2018-01-19T15:44:04+08:00 ] ::1 /php/week6/Project_bbs/Public/Home/images/bttiao.png
INFO: [ app_init ] --START--
INFO: Run Behavior\BuildLiteBehavior [ RunTime:0.000023s ]
INFO: [ app_init ] --END-- [ RunTime:0.000961s ]
ERR: 无法加载模块:Public

[ 2018-01-19T15:44:04+08:00 ] ::1 /php/week6/Project_bbs/Public/Home/images/guanli.png
INFO: [ app_init ] --START--
INFO: Run Behavior\BuildLiteBehavior [ RunTime:0.000151s ]
INFO: [ app_init ] --END-- [ RunTime:0.000993s ]
ERR: 无法加载模块:Public

[ 2018-01-19T15:44:04+08:00 ] ::1 /php/week6/Project_bbs/Public/Home/images/light.png
INFO: [ app_init ] --START--
INFO: Run Behavior\BuildLiteBehavior [ RunTime:0.000018s ]
INFO: [ app_init ] --END-- [ RunTime:0.000608s ]
ERR: 无法加载模块:Public

[ 2018-01-19T15:44:04+08:00 ] ::1 /php/week6/Project_bbs/Public/Home/images/fax.png
INFO: [ app_init ] --START--
INFO: Run Behavior\BuildLiteBehavior [ RunTime:0.000021s ]
INFO: [ app_init ] --END-- [ RunTime:0.000932s ]
ERR: 无法加载模块:Public

[ 2018-01-19T15:44:06+08:00 ] ::1 /php/week6/Project_bbs/Public/Home/css/next.png
INFO: [ app_init ] --START--
INFO: Run Behavior\BuildLiteBehavior [ RunTime:0.000021s ]
INFO: [ app_init ] --END-- [ RunTime:0.000734s ]
ERR: 无法加载模块:Public

[ 2018-01-19T15:44:28+08:00 ] ::1 /php/week6/Project_bbs/Public/Home/editor/styles/simditor-emoji.css.map
INFO: [ app_init ] --START--
INFO: Run Behavior\BuildLiteBehavior [ RunTime:0.000021s ]
INFO: [ app_init ] --END-- [ RunTime:0.000821s ]
ERR: 无法加载模块:Public

[ 2018-01-19T15:44:28+08:00 ] ::1 /php/week6/Project_bbs/Public/Home/editor/scripts/jquery.min.map
INFO: [ app_init ] --START--
INFO: Run Behavior\BuildLiteBehavior [ RunTime:0.000022s ]
INFO: [ app_init ] --END-- [ RunTime:0.000692s ]
ERR: 无法加载模块:Public

[ 2018-01-19T15:44:43+08:00 ] ::1 /php/week6/Project_bbs/Public/Home/css/next.png
INFO: [ app_init ] --START--
INFO: Run Behavior\BuildLiteBehavior [ RunTime:0.000021s ]
INFO: [ app_init ] --END-- [ RunTime:0.000683s ]
ERR: 无法加载模块:Public

[ 2018-01-19T15:45:07+08:00 ] ::1 /php/week6/Project_bbs/Public/Home/css/next.png
INFO: [ app_init ] --START--
INFO: Run Behavior\BuildLiteBehavior [ RunTime:0.000030s ]
INFO: [ app_init ] --END-- [ RunTime:0.000705s ]
ERR: 无法加载模块:Public

[ 2018-01-19T15:50:34+08:00 ] ::1 /php/week6/Project_bbs/Public/Home/css/next.png
INFO: [ app_init ] --START--
INFO: Run Behavior\BuildLiteBehavior [ RunTime:0.000019s ]
INFO: [ app_init ] --END-- [ RunTime:0.000631s ]
ERR: 无法加载模块:Public

[ 2018-01-19T15:50:37+08:00 ] ::1 /php/week6/Project_bbs/Public/Home/css/next.png
INFO: [ app_init ] --START--
INFO: Run Behavior\BuildLiteBehavior [ RunTime:0.000017s ]
INFO: [ app_init ] --END-- [ RunTime:0.000563s ]
ERR: 无法加载模块:Public

[ 2018-01-19T15:51:29+08:00 ] ::1 /php/week6/Project_bbs/Public/Home/images/guanli.png
INFO: [ app_init ] --START--
INFO: Run Behavior\BuildLiteBehavior [ RunTime:0.000018s ]
INFO: [ app_init ] --END-- [ RunTime:0.000600s ]
ERR: 无法加载模块:Public

[ 2018-01-19T15:51:29+08:00 ] ::1 /php/week6/Project_bbs/Public/Home/images/light.png
INFO: [ app_init ] --START--
INFO: Run Behavior\BuildLiteBehavior [ RunTime:0.000021s ]
INFO: [ app_init ] --END-- [ RunTime:0.000729s ]
ERR: 无法加载模块:Public

[ 2018-01-19T15:51:29+08:00 ] ::1 /php/week6/Project_bbs/Public/Home/images/bttiao.png
INFO: [ app_init ] --START--
INFO: Run Behavior\BuildLiteBehavior [ RunTime:0.000021s ]
INFO: [ app_init ] --END-- [ RunTime:0.001142s ]
ERR: 无法加载模块:Public

[ 2018-01-19T15:51:29+08:00 ] ::1 /php/week6/Project_bbs/Public/Home/images/guanz.png
INFO: [ app_init ] --START--
INFO: Run Behavior\BuildLiteBehavior [ RunTime:0.000030s ]
INFO: [ app_init ] --END-- [ RunTime:0.001304s ]
ERR: 无法加载模块:Public

[ 2018-01-19T15:51:29+08:00 ] ::1 /php/week6/Project_bbs/Public/Home/images/fax.png
INFO: [ app_init ] --START--
INFO: Run Behavior\BuildLiteBehavior [ RunTime:0.000020s ]
INFO: [ app_init ] --END-- [ RunTime:0.000633s ]
ERR: 无法加载模块:Public

[ 2018-01-19T15:54:25+08:00 ] ::1 /php/week6/Project_bbs/Public/Home/images/guanz.png
INFO: [ app_init ] --START--
INFO: Run Behavior\BuildLiteBehavior [ RunTime:0.000019s ]
INFO: [ app_init ] --END-- [ RunTime:0.000652s ]
ERR: 无法加载模块:Public

[ 2018-01-19T15:54:25+08:00 ] ::1 /php/week6/Project_bbs/Public/Home/images/bttiao.png
INFO: [ app_init ] --START--
INFO: Run Behavior\BuildLiteBehavior [ RunTime:0.000018s ]
INFO: [ app_init ] --END-- [ RunTime:0.000599s ]
ERR: 无法加载模块:Public

[ 2018-01-19T15:54:25+08:00 ] ::1 /php/week6/Project_bbs/Public/Home/images/guanli.png
INFO: [ app_init ] --START--
INFO: Run Behavior\BuildLiteBehavior [ RunTime:0.000020s ]
INFO: [ app_init ] --END-- [ RunTime:0.000614s ]
ERR: 无法加载模块:Public

[ 2018-01-19T15:54:25+08:00 ] ::1 /php/week6/Project_bbs/Public/Home/images/fax.png
INFO: [ app_init ] --START--
INFO: Run Behavior\BuildLiteBehavior [ RunTime:0.000018s ]
INFO: [ app_init ] --END-- [ RunTime:0.000734s ]
ERR: 无法加载模块:Public

[ 2018-01-19T15:54:25+08:00 ] ::1 /php/week6/Project_bbs/Public/Home/images/light.png
INFO: [ app_init ] --START--
INFO: Run Behavior\BuildLiteBehavior [ RunTime:0.000023s ]
INFO: [ app_init ] --END-- [ RunTime:0.000865s ]
ERR: 无法加载模块:Public

[ 2018-01-19T15:54:52+08:00 ] ::1 /php/week6/Project_bbs/Public/Home/images/guanz.png
INFO: [ app_init ] --START--
INFO: Run Behavior\BuildLiteBehavior [ RunTime:0.000017s ]
INFO: [ app_init ] --END-- [ RunTime:0.000639s ]
ERR: 无法加载模块:Public

[ 2018-01-19T15:54:52+08:00 ] ::1 /php/week6/Project_bbs/Public/Home/images/guanli.png
INFO: [ app_init ] --START--
INFO: Run Behavior\BuildLiteBehavior [ RunTime:0.000019s ]
INFO: [ app_init ] --END-- [ RunTime:0.000594s ]
ERR: 无法加载模块:Public

[ 2018-01-19T15:54:52+08:00 ] ::1 /php/week6/Project_bbs/Public/Home/images/bttiao.png
INFO: [ app_init ] --START--
INFO: Run Behavior\BuildLiteBehavior [ RunTime:0.000019s ]
INFO: [ app_init ] --END-- [ RunTime:0.000583s ]
ERR: 无法加载模块:Public

[ 2018-01-19T15:54:52+08:00 ] ::1 /php/week6/Project_bbs/Public/Home/images/light.png
INFO: [ app_init ] --START--
INFO: Run Behavior\BuildLiteBehavior [ RunTime:0.000018s ]
INFO: [ app_init ] --END-- [ RunTime:0.000560s ]
ERR: 无法加载模块:Public

[ 2018-01-19T15:54:52+08:00 ] ::1 /php/week6/Project_bbs/Public/Home/images/fax.png
INFO: [ app_init ] --START--
INFO: Run Behavior\BuildLiteBehavior [ RunTime:0.000022s ]
INFO: [ app_init ] --END-- [ RunTime:0.000858s ]
ERR: 无法加载模块:Public

[ 2018-01-19T15:58:01+08:00 ] ::1 /php/week6/Project_bbs/Public/Home/images/light.png
INFO: [ app_init ] --START--
INFO: Run Behavior\BuildLiteBehavior [ RunTime:0.000023s ]
INFO: [ app_init ] --END-- [ RunTime:0.000849s ]
ERR: 无法加载模块:Public

[ 2018-01-19T15:58:01+08:00 ] ::1 /php/week6/Project_bbs/Public/Home/images/guanli.png
INFO: [ app_init ] --START--
INFO: Run Behavior\BuildLiteBehavior [ RunTime:0.000020s ]
INFO: [ app_init ] --END-- [ RunTime:0.000567s ]
ERR: 无法加载模块:Public

[ 2018-01-19T15:58:01+08:00 ] ::1 /php/week6/Project_bbs/Public/Home/images/guanz.png
INFO: [ app_init ] --START--
INFO: Run Behavior\BuildLiteBehavior [ RunTime:0.000026s ]
INFO: [ app_init ] --END-- [ RunTime:0.000759s ]
ERR: 无法加载模块:Public

[ 2018-01-19T15:58:01+08:00 ] ::1 /php/week6/Project_bbs/Public/Home/images/fax.png
INFO: [ app_init ] --START--
INFO: Run Behavior\BuildLiteBehavior [ RunTime:0.000024s ]
INFO: [ app_init ] --END-- [ RunTime:0.001370s ]
ERR: 无法加载模块:Public

[ 2018-01-19T15:58:01+08:00 ] ::1 /php/week6/Project_bbs/Public/Home/images/bttiao.png
INFO: [ app_init ] --START--
INFO: Run Behavior\BuildLiteBehavior [ RunTime:0.000020s ]
INFO: [ app_init ] --END-- [ RunTime:0.000837s ]
ERR: 无法加载模块:Public

[ 2018-01-19T16:06:07+08:00 ] ::1 /php/week6/Project_bbs/Public/Home/Photos/default.jpg
INFO: [ app_init ] --START--
INFO: Run Behavior\BuildLiteBehavior [ RunTime:0.000022s ]
INFO: [ app_init ] --END-- [ RunTime:0.000881s ]
ERR: 无法加载模块:Public

